[2013-02-26 10:48:23]function sendSMSAllGateways call

[2013-02-26 10:48:23]Error1-> auth: Failed login. Username and password do not match.'
[2013-02-26 10:51:09]function sendSMSAllGateways call

[2013-02-26 10:53:10]function sendSMSAllGateways call

[2013-02-26 10:53:53]function sendSMSAllGateways call

[2013-02-26 10:55:04]function sendSMSAllGateways call

[2013-02-26 10:55:55]function sendSMSAllGateways call

[2013-02-26 10:57:05]function sendSMSAllGateways call

[2013-02-26 10:57:18]function sendSMSAllGateways call

[2013-02-26 11:00:07]function sendSMSAllGateways call

[2013-02-26 11:00:07]Error1-> auth: '
[2013-02-26 11:00:46]function sendSMSAllGateways call

[2013-02-26 11:01:33]function sendSMSAllGateways call

[2013-02-26 11:01:50]function sendSMSAllGateways call

[2013-02-26 11:02:38]function sendSMSAllGateways call

[2013-02-26 11:04:02]function sendSMSAllGateways call

[2013-02-26 11:05:29]function sendSMSAllGateways call

[2013-02-26 11:05:29]SQL:INSERT INTO sms_inbound (ref_id,msisdn_to,message,group_id,subgroup_id,user_id,unique_id,status,date_time,msgId,type) 
				values ('31','923335049649','checking errors','','','','20130221102543917694',2,NOW(),'10208389','w')
[2013-02-26 11:05:29]UPDATE sms_outbound set status=1 where  id='31'
[2013-02-26 11:05:30]SQL:INSERT INTO sms_inbound (ref_id,msisdn_to,message,group_id,subgroup_id,user_id,unique_id,status,date_time,msgId,type) 
				values ('39','923335049649','checking errors','','','','20130221102543917694',2,NOW(),'10208390','w')
[2013-02-26 11:05:30]UPDATE sms_outbound set status=1 where  id='39'
[2013-03-21 11:10:05]function sendSMSAllGateways call

[2013-03-21 11:10:47]function sendSMSAllGateways call

[2013-03-21 11:11:35]function sendSMSAllGateways call

[2013-03-21 11:12:39]function sendSMSAllGateways call

[2013-03-21 11:14:18]function sendSMSAllGateways call

[2013-03-21 11:14:19]SQL:INSERT INTO sms_inbound (ref_id,msisdn_to,message,group_id,subgroup_id,user_id,unique_id,status,date_time,msgId,type) 
				values ('4','923335049649','Hi This is a performance testing message','2','0','2','20130321094901242523',2,NOW(),'10407484','w')
[2013-03-21 11:14:19]UPDATE sms_outbound set status=1 where  id='4'
[2013-03-29 9:07:22]function sendSMSAllGateways call

[2013-03-29 9:12:22]function sendSMSAllGateways call

[2013-03-29 9:17:22]function sendSMSAllGateways call

[2013-03-29 9:22:22]function sendSMSAllGateways call

[2013-03-29 9:27:22]function sendSMSAllGateways call

[2013-03-29 9:32:22]function sendSMSAllGateways call

[2013-03-29 9:37:22]function sendSMSAllGateways call

[2013-03-29 9:42:22]function sendSMSAllGateways call

[2013-03-29 9:47:22]function sendSMSAllGateways call

[2013-03-29 9:52:22]function sendSMSAllGateways call

[2013-03-29 9:57:22]function sendSMSAllGateways call

[2013-03-29 10:02:22]function sendSMSAllGateways call

[2013-03-29 10:07:22]function sendSMSAllGateways call

[2013-03-29 10:12:22]function sendSMSAllGateways call

[2013-03-29 10:17:22]function sendSMSAllGateways call

[2013-03-29 10:22:22]function sendSMSAllGateways call

[2013-03-29 10:27:22]function sendSMSAllGateways call

[2013-03-29 10:32:22]function sendSMSAllGateways call

[2013-03-29 10:37:22]function sendSMSAllGateways call

[2013-03-29 10:42:22]function sendSMSAllGateways call

[2013-03-29 10:47:22]function sendSMSAllGateways call

[2013-03-29 10:52:22]function sendSMSAllGateways call

[2013-03-29 10:57:22]function sendSMSAllGateways call

[2013-03-29 11:02:22]function sendSMSAllGateways call

[2013-03-29 11:07:22]function sendSMSAllGateways call

[2013-03-29 11:12:22]function sendSMSAllGateways call

[2013-03-29 11:17:22]function sendSMSAllGateways call

[2013-03-29 11:22:22]function sendSMSAllGateways call

[2013-03-29 11:27:22]function sendSMSAllGateways call

[2013-03-29 11:32:22]function sendSMSAllGateways call

[2013-03-29 11:37:22]function sendSMSAllGateways call

[2013-03-29 11:42:22]function sendSMSAllGateways call

[2013-03-29 11:47:22]function sendSMSAllGateways call

[2013-03-29 11:52:22]function sendSMSAllGateways call

[2013-03-29 11:57:22]function sendSMSAllGateways call

[2013-03-29 12:02:22]function sendSMSAllGateways call

[2013-03-29 12:07:22]function sendSMSAllGateways call

[2013-03-29 12:07:22]SQL:INSERT INTO sms_inbound (ref_id,msisdn_to,message,group_id,subgroup_id,user_id,unique_id,status,date_time,msgId,type) 
				values ('54','923007047689','iMMAP FLASH ALERT
KHI - MA JINNAH RD (MAZAR-E-QUID TO SADDAR)
PROTEST, ROAD BLOCKED
AVOID THE AREA','3','0','4','20130329120356433991',2,NOW(),'10538802','w')
[2013-03-29 12:07:22]UPDATE sms_outbound set status=1 where  id='54'
[2013-03-29 12:07:22]SQL:INSERT INTO sms_inbound (ref_id,msisdn_to,message,group_id,subgroup_id,user_id,unique_id,status,date_time,msgId,type) 
				values ('55','923352204814','iMMAP FLASH ALERT
KHI - MA JINNAH RD (MAZAR-E-QUID TO SADDAR)
PROTEST, ROAD BLOCKED
AVOID THE AREA','3','0','5','20130329120356433991',2,NOW(),'10538803','w')
[2013-03-29 12:07:22]UPDATE sms_outbound set status=1 where  id='55'
[2013-03-29 12:07:22]SQL:INSERT INTO sms_inbound (ref_id,msisdn_to,message,group_id,subgroup_id,user_id,unique_id,status,date_time,msgId,type) 
				values ('56','923009508123','iMMAP FLASH ALERT
KHI - MA JINNAH RD (MAZAR-E-QUID TO SADDAR)
PROTEST, ROAD BLOCKED
AVOID THE AREA','3','0','7','20130329120356433991',2,NOW(),'10538804','w')
[2013-03-29 12:07:22]UPDATE sms_outbound set status=1 where  id='56'
[2013-03-29 12:07:22]SQL:INSERT INTO sms_inbound (ref_id,msisdn_to,message,group_id,subgroup_id,user_id,unique_id,status,date_time,msgId,type) 
				values ('57','923063877900','iMMAP FLASH ALERT
KHI - MA JINNAH RD (MAZAR-E-QUID TO SADDAR)
PROTEST, ROAD BLOCKED
AVOID THE AREA','3','0','8','20130329120356433991',2,NOW(),'10538806','w')
[2013-03-29 12:07:22]UPDATE sms_outbound set status=1 where  id='57'
[2013-03-29 12:07:22]SQL:INSERT INTO sms_inbound (ref_id,msisdn_to,message,group_id,subgroup_id,user_id,unique_id,status,date_time,msgId,type) 
				values ('58','923028513375','iMMAP FLASH ALERT
KHI - MA JINNAH RD (MAZAR-E-QUID TO SADDAR)
PROTEST, ROAD BLOCKED
AVOID THE AREA','3','0','9','20130329120356433991',2,NOW(),'10538807','w')
[2013-03-29 12:07:22]UPDATE sms_outbound set status=1 where  id='58'
[2013-03-29 12:07:23]SQL:INSERT INTO sms_inbound (ref_id,msisdn_to,message,group_id,subgroup_id,user_id,unique_id,status,date_time,msgId,type) 
				values ('59','923149630200','iMMAP FLASH ALERT
KHI - MA JINNAH RD (MAZAR-E-QUID TO SADDAR)
PROTEST, ROAD BLOCKED
AVOID THE AREA','3','0','10','20130329120356433991',2,NOW(),'10538808','w')
[2013-03-29 12:07:23]UPDATE sms_outbound set status=1 where  id='59'
[2013-03-29 12:07:23]SQL:INSERT INTO sms_inbound (ref_id,msisdn_to,message,group_id,subgroup_id,user_id,unique_id,status,date_time,msgId,type) 
				values ('60','923135354974','iMMAP FLASH ALERT
KHI - MA JINNAH RD (MAZAR-E-QUID TO SADDAR)
PROTEST, ROAD BLOCKED
AVOID THE AREA','3','0','11','20130329120356433991',2,NOW(),'10538809','w')
[2013-03-29 12:07:23]UPDATE sms_outbound set status=1 where  id='60'
[2013-03-29 12:07:23]SQL:INSERT INTO sms_inbound (ref_id,msisdn_to,message,group_id,subgroup_id,user_id,unique_id,status,date_time,msgId,type) 
				values ('61','923352537752','iMMAP FLASH ALERT
KHI - MA JINNAH RD (MAZAR-E-QUID TO SADDAR)
PROTEST, ROAD BLOCKED
AVOID THE AREA','3','0','12','20130329120356433991',2,NOW(),'10538810','w')
[2013-03-29 12:07:23]UPDATE sms_outbound set status=1 where  id='61'
[2013-03-29 12:07:23]SQL:INSERT INTO sms_inbound (ref_id,msisdn_to,message,group_id,subgroup_id,user_id,unique_id,status,date_time,msgId,type) 
				values ('62','923333327526','iMMAP FLASH ALERT
KHI - MA JINNAH RD (MAZAR-E-QUID TO SADDAR)
PROTEST, ROAD BLOCKED
AVOID THE AREA','3','0','13','20130329120356433991',2,NOW(),'10538811','w')
[2013-03-29 12:07:23]UPDATE sms_outbound set status=1 where  id='62'
[2013-03-29 12:07:23]SQL:INSERT INTO sms_inbound (ref_id,msisdn_to,message,group_id,subgroup_id,user_id,unique_id,status,date_time,msgId,type) 
				values ('63','923312459827','iMMAP FLASH ALERT
KHI - MA JINNAH RD (MAZAR-E-QUID TO SADDAR)
PROTEST, ROAD BLOCKED
AVOID THE AREA','3','0','14','20130329120356433991',2,NOW(),'10538812','w')
[2013-03-29 12:07:23]UPDATE sms_outbound set status=1 where  id='63'
[2013-03-29 12:07:23]SQL:INSERT INTO sms_inbound (ref_id,msisdn_to,message,group_id,subgroup_id,user_id,unique_id,status,date_time,msgId,type) 
				values ('64','923005026410','iMMAP FLASH ALERT
KHI - MA JINNAH RD (MAZAR-E-QUID TO SADDAR)
PROTEST, ROAD BLOCKED
AVOID THE AREA','3','0','16','20130329120356433991',2,NOW(),'10538813','w')
[2013-03-29 12:07:23]UPDATE sms_outbound set status=1 where  id='64'
[2013-03-29 12:07:23]SQL:INSERT INTO sms_inbound (ref_id,msisdn_to,message,group_id,subgroup_id,user_id,unique_id,status,date_time,msgId,type) 
				values ('65','923333886321','iMMAP FLASH ALERT
KHI - MA JINNAH RD (MAZAR-E-QUID TO SADDAR)
PROTEST, ROAD BLOCKED
AVOID THE AREA','3','0','17','20130329120356433991',2,NOW(),'10538814','w')
[2013-03-29 12:07:23]UPDATE sms_outbound set status=1 where  id='65'
[2013-03-29 12:07:24]SQL:INSERT INTO sms_inbound (ref_id,msisdn_to,message,group_id,subgroup_id,user_id,unique_id,status,date_time,msgId,type) 
				values ('66','923334448143','iMMAP FLASH ALERT
KHI - MA JINNAH RD (MAZAR-E-QUID TO SADDAR)
PROTEST, ROAD BLOCKED
AVOID THE AREA','3','0','18','20130329120356433991',2,NOW(),'10538815','w')
[2013-03-29 12:07:24]UPDATE sms_outbound set status=1 where  id='66'
[2013-03-29 12:07:24]SQL:INSERT INTO sms_inbound (ref_id,msisdn_to,message,group_id,subgroup_id,user_id,unique_id,status,date_time,msgId,type) 
				values ('67','923345498862','iMMAP FLASH ALERT
KHI - MA JINNAH RD (MAZAR-E-QUID TO SADDAR)
PROTEST, ROAD BLOCKED
AVOID THE AREA','3','0','19','20130329120356433991',2,NOW(),'10538816','w')
[2013-03-29 12:07:24]UPDATE sms_outbound set status=1 where  id='67'
[2013-03-29 12:07:27]SQL:INSERT INTO sms_inbound (ref_id,msisdn_to,message,group_id,subgroup_id,user_id,unique_id,status,date_time,msgId,type) 
				values ('68','923349023996','iMMAP FLASH ALERT
KHI - MA JINNAH RD (MAZAR-E-QUID TO SADDAR)
PROTEST, ROAD BLOCKED
AVOID THE AREA','3','0','20','20130329120356433991',2,NOW(),'10538817','w')
[2013-03-29 12:07:27]UPDATE sms_outbound set status=1 where  id='68'
[2013-03-29 12:07:30]SQL:INSERT INTO sms_inbound (ref_id,msisdn_to,message,group_id,subgroup_id,user_id,unique_id,status,date_time,msgId,type) 
				values ('69','923215821403','iMMAP FLASH ALERT
KHI - MA JINNAH RD (MAZAR-E-QUID TO SADDAR)
PROTEST, ROAD BLOCKED
AVOID THE AREA','3','0','21','20130329120356433991',2,NOW(),'10538819','w')
[2013-03-29 12:07:30]UPDATE sms_outbound set status=1 where  id='69'
[2013-03-29 12:07:30]SQL:INSERT INTO sms_inbound (ref_id,msisdn_to,message,group_id,subgroup_id,user_id,unique_id,status,date_time,msgId,type) 
				values ('70','923339019488','iMMAP FLASH ALERT
KHI - MA JINNAH RD (MAZAR-E-QUID TO SADDAR)
PROTEST, ROAD BLOCKED
AVOID THE AREA','3','0','22','20130329120356433991',2,NOW(),'10538820','w')
[2013-03-29 12:07:30]UPDATE sms_outbound set status=1 where  id='70'
[2013-03-29 12:07:30]SQL:INSERT INTO sms_inbound (ref_id,msisdn_to,message,group_id,subgroup_id,user_id,unique_id,status,date_time,msgId,type) 
				values ('71','923018131416','iMMAP FLASH ALERT
KHI - MA JINNAH RD (MAZAR-E-QUID TO SADDAR)
PROTEST, ROAD BLOCKED
AVOID THE AREA','3','0','23','20130329120356433991',2,NOW(),'10538821','w')
[2013-03-29 12:07:30]UPDATE sms_outbound set status=1 where  id='71'
[2013-03-29 12:07:30]SQL:INSERT INTO sms_inbound (ref_id,msisdn_to,message,group_id,subgroup_id,user_id,unique_id,status,date_time,msgId,type) 
				values ('72','923018822547','iMMAP FLASH ALERT
KHI - MA JINNAH RD (MAZAR-E-QUID TO SADDAR)
PROTEST, ROAD BLOCKED
AVOID THE AREA','3','0','24','20130329120356433991',2,NOW(),'10538822','w')
[2013-03-29 12:07:30]UPDATE sms_outbound set status=1 where  id='72'
[2013-03-29 12:07:30]SQL:INSERT INTO sms_inbound (ref_id,msisdn_to,message,group_id,subgroup_id,user_id,unique_id,status,date_time,msgId,type) 
				values ('73','923334407812','iMMAP FLASH ALERT
KHI - MA JINNAH RD (MAZAR-E-QUID TO SADDAR)
PROTEST, ROAD BLOCKED
AVOID THE AREA','3','0','25','20130329120356433991',2,NOW(),'10538823','w')
[2013-03-29 12:07:30]UPDATE sms_outbound set status=1 where  id='73'
[2013-03-29 12:07:31]SQL:INSERT INTO sms_inbound (ref_id,msisdn_to,message,group_id,subgroup_id,user_id,unique_id,status,date_time,msgId,type) 
				values ('74','923332283428','iMMAP FLASH ALERT
KHI - MA JINNAH RD (MAZAR-E-QUID TO SADDAR)
PROTEST, ROAD BLOCKED
AVOID THE AREA','3','0','26','20130329120356433991',2,NOW(),'10538824','w')
[2013-03-29 12:07:31]UPDATE sms_outbound set status=1 where  id='74'
[2013-03-29 12:07:31]SQL:INSERT INTO sms_inbound (ref_id,msisdn_to,message,group_id,subgroup_id,user_id,unique_id,status,date_time,msgId,type) 
				values ('75','923005148416','iMMAP FLASH ALERT
KHI - MA JINNAH RD (MAZAR-E-QUID TO SADDAR)
PROTEST, ROAD BLOCKED
AVOID THE AREA','3','0','27','20130329120356433991',2,NOW(),'10538825','w')
[2013-03-29 12:07:31]UPDATE sms_outbound set status=1 where  id='75'
[2013-03-29 12:07:31]SQL:INSERT INTO sms_inbound (ref_id,msisdn_to,message,group_id,subgroup_id,user_id,unique_id,status,date_time,msgId,type) 
				values ('76','923088882300','iMMAP FLASH ALERT
KHI - MA JINNAH RD (MAZAR-E-QUID TO SADDAR)
PROTEST, ROAD BLOCKED
AVOID THE AREA','3','0','28','20130329120356433991',2,NOW(),'10538826','w')
[2013-03-29 12:07:31]UPDATE sms_outbound set status=1 where  id='76'
[2013-03-29 12:07:31]SQL:INSERT INTO sms_inbound (ref_id,msisdn_to,message,group_id,subgroup_id,user_id,unique_id,status,date_time,msgId,type) 
				values ('77','923005554995','iMMAP FLASH ALERT
KHI - MA JINNAH RD (MAZAR-E-QUID TO SADDAR)
PROTEST, ROAD BLOCKED
AVOID THE AREA','3','0','29','20130329120356433991',2,NOW(),'10538827','w')
[2013-03-29 12:07:31]UPDATE sms_outbound set status=1 where  id='77'
[2013-03-29 12:07:31]SQL:INSERT INTO sms_inbound (ref_id,msisdn_to,message,group_id,subgroup_id,user_id,unique_id,status,date_time,msgId,type) 
				values ('78','923008527348','iMMAP FLASH ALERT
KHI - MA JINNAH RD (MAZAR-E-QUID TO SADDAR)
PROTEST, ROAD BLOCKED
AVOID THE AREA','3','0','32','20130329120356433991',2,NOW(),'10538828','w')
[2013-03-29 12:07:31]UPDATE sms_outbound set status=1 where  id='78'
[2013-03-29 12:07:31]SQL:INSERT INTO sms_inbound (ref_id,msisdn_to,message,group_id,subgroup_id,user_id,unique_id,status,date_time,msgId,type) 
				values ('79','923018546847','iMMAP FLASH ALERT
KHI - MA JINNAH RD (MAZAR-E-QUID TO SADDAR)
PROTEST, ROAD BLOCKED
AVOID THE AREA','3','0','33','20130329120356433991',2,NOW(),'10538829','w')
[2013-03-29 12:07:31]UPDATE sms_outbound set status=1 where  id='79'
[2013-03-29 12:07:31]SQL:INSERT INTO sms_inbound (ref_id,msisdn_to,message,group_id,subgroup_id,user_id,unique_id,status,date_time,msgId,type) 
				values ('80','923018510439','iMMAP FLASH ALERT
KHI - MA JINNAH RD (MAZAR-E-QUID TO SADDAR)
PROTEST, ROAD BLOCKED
AVOID THE AREA','3','0','35','20130329120356433991',2,NOW(),'10538830','w')
[2013-03-29 12:07:31]UPDATE sms_outbound set status=1 where  id='80'
[2013-03-29 12:07:32]SQL:INSERT INTO sms_inbound (ref_id,msisdn_to,message,group_id,subgroup_id,user_id,unique_id,status,date_time,msgId,type) 
				values ('81','923005018857','iMMAP FLASH ALERT
KHI - MA JINNAH RD (MAZAR-E-QUID TO SADDAR)
PROTEST, ROAD BLOCKED
AVOID THE AREA','3','0','36','20130329120356433991',2,NOW(),'10538831','w')
[2013-03-29 12:07:32]UPDATE sms_outbound set status=1 where  id='81'
[2013-03-29 12:12:22]function sendSMSAllGateways call

[2013-03-29 12:17:22]function sendSMSAllGateways call

[2013-03-29 12:22:22]function sendSMSAllGateways call

[2013-03-29 12:27:22]function sendSMSAllGateways call

[2013-03-29 12:32:22]function sendSMSAllGateways call

[2013-03-29 12:37:22]function sendSMSAllGateways call

[2013-03-29 12:42:22]function sendSMSAllGateways call

[2013-03-29 12:47:22]function sendSMSAllGateways call

[2013-03-29 12:52:22]function sendSMSAllGateways call

[2013-03-29 12:57:22]function sendSMSAllGateways call

[2013-03-29 13:02:22]function sendSMSAllGateways call

[2013-03-29 13:07:22]function sendSMSAllGateways call

[2013-03-29 13:12:22]function sendSMSAllGateways call

[2013-03-29 13:17:22]function sendSMSAllGateways call

[2013-03-29 13:22:22]function sendSMSAllGateways call

[2013-03-29 13:27:22]function sendSMSAllGateways call

[2013-03-29 13:32:22]function sendSMSAllGateways call

[2013-03-29 13:37:22]function sendSMSAllGateways call

[2013-03-29 13:42:22]function sendSMSAllGateways call

[2013-03-29 13:47:22]function sendSMSAllGateways call

[2013-03-29 13:52:22]function sendSMSAllGateways call

[2013-03-29 13:57:22]function sendSMSAllGateways call

[2013-03-29 14:02:22]function sendSMSAllGateways call

[2013-03-29 14:07:22]function sendSMSAllGateways call

[2013-03-29 14:12:22]function sendSMSAllGateways call

[2013-03-29 14:17:22]function sendSMSAllGateways call

[2013-03-29 14:22:22]function sendSMSAllGateways call

[2013-03-29 14:27:22]function sendSMSAllGateways call

[2013-03-29 14:32:22]function sendSMSAllGateways call

[2013-03-29 14:37:22]function sendSMSAllGateways call

[2013-03-29 14:42:22]function sendSMSAllGateways call

[2013-03-29 14:47:22]function sendSMSAllGateways call

[2013-03-29 14:52:22]function sendSMSAllGateways call

[2013-03-29 14:57:22]function sendSMSAllGateways call

[2013-03-29 15:02:22]function sendSMSAllGateways call

[2013-03-29 15:07:22]function sendSMSAllGateways call

[2013-03-29 15:12:22]function sendSMSAllGateways call

[2013-03-29 15:17:22]function sendSMSAllGateways call

[2013-03-29 15:22:22]function sendSMSAllGateways call

[2013-03-29 15:27:22]function sendSMSAllGateways call

[2013-03-29 15:32:22]function sendSMSAllGateways call

[2013-03-29 15:37:22]function sendSMSAllGateways call

[2013-03-29 15:42:22]function sendSMSAllGateways call

[2013-03-29 15:47:22]function sendSMSAllGateways call

[2013-03-29 15:52:22]function sendSMSAllGateways call

[2013-03-29 15:57:22]function sendSMSAllGateways call

[2013-03-29 16:02:22]function sendSMSAllGateways call

[2013-03-29 16:07:22]function sendSMSAllGateways call

[2013-03-29 16:12:22]function sendSMSAllGateways call

[2013-03-29 16:17:22]function sendSMSAllGateways call

[2013-03-29 16:22:22]function sendSMSAllGateways call

[2013-03-29 16:27:22]function sendSMSAllGateways call

[2013-03-29 16:32:22]function sendSMSAllGateways call

[2013-03-29 16:37:22]function sendSMSAllGateways call

[2013-03-29 16:42:22]function sendSMSAllGateways call

[2013-03-29 16:47:22]function sendSMSAllGateways call

[2013-03-29 16:52:22]function sendSMSAllGateways call

[2013-03-29 16:57:22]function sendSMSAllGateways call

[2013-03-29 17:02:22]function sendSMSAllGateways call

[2013-03-29 17:07:22]function sendSMSAllGateways call

[2013-03-29 17:12:22]function sendSMSAllGateways call

[2013-03-29 17:17:22]function sendSMSAllGateways call

[2013-03-29 17:22:22]function sendSMSAllGateways call

[2013-03-29 17:27:22]function sendSMSAllGateways call

[2013-03-29 17:32:22]function sendSMSAllGateways call

[2013-03-29 17:37:22]function sendSMSAllGateways call

[2013-03-29 17:42:22]function sendSMSAllGateways call

[2013-03-29 17:47:22]function sendSMSAllGateways call

[2013-03-29 17:52:22]function sendSMSAllGateways call

[2013-03-29 17:57:22]function sendSMSAllGateways call

[2013-03-29 18:02:22]function sendSMSAllGateways call

[2013-03-29 18:07:22]function sendSMSAllGateways call

[2013-03-29 18:12:22]function sendSMSAllGateways call

[2013-03-29 18:17:22]function sendSMSAllGateways call

[2013-03-29 18:22:22]function sendSMSAllGateways call

[2013-03-29 18:27:22]function sendSMSAllGateways call

[2013-03-29 18:32:22]function sendSMSAllGateways call

[2013-03-29 18:37:22]function sendSMSAllGateways call

[2013-03-29 18:42:22]function sendSMSAllGateways call

[2013-03-29 18:47:22]function sendSMSAllGateways call

[2013-03-29 18:52:22]function sendSMSAllGateways call

[2013-03-29 18:57:22]function sendSMSAllGateways call

[2013-03-29 19:02:22]function sendSMSAllGateways call

[2013-03-29 19:07:22]function sendSMSAllGateways call

[2013-03-29 19:12:22]function sendSMSAllGateways call

[2013-03-29 19:17:22]function sendSMSAllGateways call

[2013-03-29 19:22:22]function sendSMSAllGateways call

[2013-03-29 19:27:22]function sendSMSAllGateways call

[2013-03-29 19:32:22]function sendSMSAllGateways call

[2013-03-29 19:37:22]function sendSMSAllGateways call

[2013-03-29 19:42:22]function sendSMSAllGateways call

[2013-03-29 19:47:22]function sendSMSAllGateways call

[2013-03-29 19:52:23]function sendSMSAllGateways call

[2013-03-29 19:57:22]function sendSMSAllGateways call

[2013-03-29 20:02:22]function sendSMSAllGateways call

[2013-03-29 20:07:22]function sendSMSAllGateways call

[2013-03-29 20:12:22]function sendSMSAllGateways call

[2013-03-29 20:17:22]function sendSMSAllGateways call

[2013-03-29 20:22:22]function sendSMSAllGateways call

[2013-03-29 20:27:22]function sendSMSAllGateways call

[2013-03-29 20:32:22]function sendSMSAllGateways call

[2013-03-29 20:37:22]function sendSMSAllGateways call

[2013-03-29 20:42:22]function sendSMSAllGateways call

[2013-03-29 20:47:22]function sendSMSAllGateways call

[2013-03-29 20:52:22]function sendSMSAllGateways call

[2013-03-29 20:57:22]function sendSMSAllGateways call

[2013-03-29 21:02:22]function sendSMSAllGateways call

[2013-03-29 21:07:22]function sendSMSAllGateways call

[2013-03-29 21:12:22]function sendSMSAllGateways call

[2013-03-29 21:17:22]function sendSMSAllGateways call

[2013-03-29 21:22:22]function sendSMSAllGateways call

[2013-03-29 21:27:22]function sendSMSAllGateways call

[2013-03-29 21:32:22]function sendSMSAllGateways call

[2013-03-29 21:37:22]function sendSMSAllGateways call

[2013-03-29 21:42:22]function sendSMSAllGateways call

[2013-03-29 21:47:22]function sendSMSAllGateways call

[2013-03-29 21:52:22]function sendSMSAllGateways call

[2013-03-29 21:57:22]function sendSMSAllGateways call

[2013-03-29 22:02:22]function sendSMSAllGateways call

[2013-03-29 22:07:22]function sendSMSAllGateways call

[2013-03-29 22:12:22]function sendSMSAllGateways call

[2013-03-29 22:17:22]function sendSMSAllGateways call

[2013-03-29 22:22:22]function sendSMSAllGateways call

[2013-03-29 22:27:22]function sendSMSAllGateways call

[2013-03-29 22:32:22]function sendSMSAllGateways call

[2013-03-29 22:37:22]function sendSMSAllGateways call

[2013-03-29 22:42:22]function sendSMSAllGateways call

[2013-03-29 22:47:22]function sendSMSAllGateways call

[2013-03-29 22:52:22]function sendSMSAllGateways call

[2013-03-29 22:57:22]function sendSMSAllGateways call

[2013-03-29 23:02:22]function sendSMSAllGateways call

[2013-03-29 23:07:22]function sendSMSAllGateways call

[2013-03-29 23:12:22]function sendSMSAllGateways call

[2013-03-29 23:17:22]function sendSMSAllGateways call

[2013-03-29 23:22:22]function sendSMSAllGateways call

[2013-03-29 23:27:22]function sendSMSAllGateways call

[2013-03-29 23:32:22]function sendSMSAllGateways call

[2013-03-29 23:37:22]function sendSMSAllGateways call

[2013-03-29 23:42:22]function sendSMSAllGateways call

[2013-03-29 23:47:22]function sendSMSAllGateways call

[2013-03-29 23:52:22]function sendSMSAllGateways call

[2013-03-29 23:57:22]function sendSMSAllGateways call

[2013-03-30 0:02:22]function sendSMSAllGateways call

[2013-03-30 0:07:22]function sendSMSAllGateways call

[2013-03-30 0:12:22]function sendSMSAllGateways call

[2013-03-30 0:17:22]function sendSMSAllGateways call

[2013-03-30 0:22:22]function sendSMSAllGateways call

[2013-03-30 0:27:22]function sendSMSAllGateways call

[2013-03-30 0:32:22]function sendSMSAllGateways call

[2013-03-30 0:37:22]function sendSMSAllGateways call

[2013-03-30 0:42:22]function sendSMSAllGateways call

[2013-03-30 0:47:22]function sendSMSAllGateways call

[2013-03-30 0:52:22]function sendSMSAllGateways call

[2013-03-30 0:57:22]function sendSMSAllGateways call

[2013-03-30 1:02:22]function sendSMSAllGateways call

[2013-03-30 1:07:22]function sendSMSAllGateways call

[2013-03-30 1:12:22]function sendSMSAllGateways call

[2013-03-30 1:17:22]function sendSMSAllGateways call

[2013-03-30 1:22:22]function sendSMSAllGateways call

[2013-03-30 1:27:22]function sendSMSAllGateways call

[2013-03-30 1:32:22]function sendSMSAllGateways call

[2013-03-30 1:37:22]function sendSMSAllGateways call

[2013-03-30 1:42:22]function sendSMSAllGateways call

[2013-03-30 1:47:22]function sendSMSAllGateways call

[2013-03-30 1:52:22]function sendSMSAllGateways call

[2013-03-30 1:57:22]function sendSMSAllGateways call

[2013-03-30 2:02:22]function sendSMSAllGateways call

[2013-03-30 2:07:22]function sendSMSAllGateways call

[2013-03-30 2:12:22]function sendSMSAllGateways call

[2013-03-30 2:17:22]function sendSMSAllGateways call

[2013-03-30 2:22:22]function sendSMSAllGateways call

[2013-03-30 2:27:22]function sendSMSAllGateways call

[2013-03-30 2:32:22]function sendSMSAllGateways call

[2013-03-30 2:37:22]function sendSMSAllGateways call

[2013-03-30 2:42:22]function sendSMSAllGateways call

[2013-03-30 2:47:22]function sendSMSAllGateways call

[2013-03-30 2:52:22]function sendSMSAllGateways call

[2013-03-30 2:57:22]function sendSMSAllGateways call

[2013-03-30 3:02:22]function sendSMSAllGateways call

[2013-03-30 3:07:22]function sendSMSAllGateways call

[2013-03-30 3:12:22]function sendSMSAllGateways call

[2013-03-30 3:17:22]function sendSMSAllGateways call

[2013-03-30 3:22:22]function sendSMSAllGateways call

[2013-03-30 3:27:22]function sendSMSAllGateways call

[2013-03-30 3:32:22]function sendSMSAllGateways call

[2013-03-30 3:37:22]function sendSMSAllGateways call

[2013-03-30 3:42:22]function sendSMSAllGateways call

[2013-03-30 3:47:22]function sendSMSAllGateways call

[2013-03-30 3:52:22]function sendSMSAllGateways call

[2013-03-30 3:57:22]function sendSMSAllGateways call

[2013-03-30 4:02:22]function sendSMSAllGateways call

[2013-03-30 4:07:22]function sendSMSAllGateways call

[2013-03-30 4:12:22]function sendSMSAllGateways call

[2013-03-30 4:17:22]function sendSMSAllGateways call

[2013-03-30 4:22:22]function sendSMSAllGateways call

[2013-03-30 4:27:22]function sendSMSAllGateways call

[2013-03-30 4:32:22]function sendSMSAllGateways call

[2013-03-30 4:37:22]function sendSMSAllGateways call

[2013-03-30 4:42:22]function sendSMSAllGateways call

[2013-03-30 4:47:22]function sendSMSAllGateways call

[2013-03-30 4:52:22]function sendSMSAllGateways call

[2013-03-30 4:57:22]function sendSMSAllGateways call

[2013-03-30 5:02:22]function sendSMSAllGateways call

[2013-03-30 5:07:22]function sendSMSAllGateways call

[2013-03-30 5:12:22]function sendSMSAllGateways call

[2013-03-30 5:17:22]function sendSMSAllGateways call

[2013-03-30 5:22:22]function sendSMSAllGateways call

[2013-03-30 5:27:22]function sendSMSAllGateways call

[2013-03-30 5:32:22]function sendSMSAllGateways call

[2013-03-30 5:37:22]function sendSMSAllGateways call

[2013-03-30 5:42:22]function sendSMSAllGateways call

[2013-03-30 5:47:22]function sendSMSAllGateways call

[2013-03-30 5:52:22]function sendSMSAllGateways call

[2013-03-30 5:57:22]function sendSMSAllGateways call

[2013-03-30 6:02:22]function sendSMSAllGateways call

[2013-03-30 6:07:22]function sendSMSAllGateways call

[2013-03-30 6:12:22]function sendSMSAllGateways call

[2013-03-30 6:17:22]function sendSMSAllGateways call

[2013-03-30 6:22:22]function sendSMSAllGateways call

[2013-03-30 6:27:22]function sendSMSAllGateways call

[2013-03-30 6:32:22]function sendSMSAllGateways call

[2013-03-30 6:37:22]function sendSMSAllGateways call

[2013-03-30 6:42:22]function sendSMSAllGateways call

[2013-03-30 6:47:22]function sendSMSAllGateways call

[2013-03-30 6:52:22]function sendSMSAllGateways call

[2013-03-30 6:57:22]function sendSMSAllGateways call

[2013-03-30 7:02:22]function sendSMSAllGateways call

[2013-03-30 7:07:22]function sendSMSAllGateways call

[2013-03-30 7:12:22]function sendSMSAllGateways call

[2013-03-30 7:17:22]function sendSMSAllGateways call

[2013-03-30 7:22:22]function sendSMSAllGateways call

[2013-03-30 7:27:22]function sendSMSAllGateways call

[2013-03-30 7:32:22]function sendSMSAllGateways call

[2013-03-30 7:37:22]function sendSMSAllGateways call

[2013-03-30 7:42:22]function sendSMSAllGateways call

[2013-03-30 7:47:22]function sendSMSAllGateways call

[2013-03-30 7:52:22]function sendSMSAllGateways call

[2013-03-30 7:57:22]function sendSMSAllGateways call

[2013-03-30 8:02:22]function sendSMSAllGateways call

[2013-03-30 8:07:22]function sendSMSAllGateways call

[2013-03-30 8:12:22]function sendSMSAllGateways call

[2013-03-30 8:17:22]function sendSMSAllGateways call

[2013-03-30 8:22:22]function sendSMSAllGateways call

[2013-03-30 8:27:22]function sendSMSAllGateways call

[2013-03-30 8:32:22]function sendSMSAllGateways call

[2013-03-30 8:37:22]function sendSMSAllGateways call

[2013-03-30 8:42:22]function sendSMSAllGateways call

[2013-03-30 8:47:22]function sendSMSAllGateways call

[2013-03-30 8:52:22]function sendSMSAllGateways call

[2013-03-30 8:57:22]function sendSMSAllGateways call

[2013-03-30 9:02:22]function sendSMSAllGateways call

[2013-03-30 9:07:22]function sendSMSAllGateways call

[2013-03-30 9:12:22]function sendSMSAllGateways call

[2013-03-30 9:17:22]function sendSMSAllGateways call

[2013-03-30 9:22:22]function sendSMSAllGateways call

[2013-03-30 9:27:22]function sendSMSAllGateways call

[2013-03-30 9:32:22]function sendSMSAllGateways call

[2013-03-30 9:37:22]function sendSMSAllGateways call

[2013-03-30 9:42:22]function sendSMSAllGateways call

[2013-03-30 9:47:22]function sendSMSAllGateways call

[2013-03-30 9:52:22]function sendSMSAllGateways call

[2013-03-30 9:57:22]function sendSMSAllGateways call

[2013-03-30 10:02:22]function sendSMSAllGateways call

[2013-03-30 10:07:23]function sendSMSAllGateways call

[2013-03-30 10:12:22]function sendSMSAllGateways call

[2013-03-30 10:17:22]function sendSMSAllGateways call

[2013-03-30 10:22:22]function sendSMSAllGateways call

[2013-03-30 10:27:22]function sendSMSAllGateways call

[2013-03-30 10:32:22]function sendSMSAllGateways call

[2013-03-30 10:37:22]function sendSMSAllGateways call

[2013-03-30 10:42:22]function sendSMSAllGateways call

[2013-03-30 10:47:22]function sendSMSAllGateways call

[2013-03-30 10:52:22]function sendSMSAllGateways call

[2013-03-30 10:57:22]function sendSMSAllGateways call

[2013-03-30 11:02:22]function sendSMSAllGateways call

[2013-03-30 11:07:22]function sendSMSAllGateways call

[2013-03-30 11:12:22]function sendSMSAllGateways call

[2013-03-30 11:17:22]function sendSMSAllGateways call

[2013-03-30 11:22:22]function sendSMSAllGateways call

[2013-03-30 11:27:22]function sendSMSAllGateways call

[2013-03-30 11:32:22]function sendSMSAllGateways call

[2013-03-30 11:37:22]function sendSMSAllGateways call

[2013-03-30 11:42:22]function sendSMSAllGateways call

[2013-03-30 11:47:22]function sendSMSAllGateways call

[2013-03-30 11:52:22]function sendSMSAllGateways call

[2013-03-30 11:57:22]function sendSMSAllGateways call

[2013-03-30 12:02:22]function sendSMSAllGateways call

[2013-03-30 12:07:22]function sendSMSAllGateways call

[2013-03-30 12:12:22]function sendSMSAllGateways call

[2013-03-30 12:17:22]function sendSMSAllGateways call

[2013-03-30 12:22:22]function sendSMSAllGateways call

[2013-03-30 12:27:22]function sendSMSAllGateways call

[2013-03-30 12:32:22]function sendSMSAllGateways call

[2013-03-30 12:37:22]function sendSMSAllGateways call

[2013-03-30 12:42:22]function sendSMSAllGateways call

[2013-03-30 12:47:22]function sendSMSAllGateways call

[2013-03-30 12:52:22]function sendSMSAllGateways call

[2013-03-30 12:57:22]function sendSMSAllGateways call

[2013-03-30 13:02:22]function sendSMSAllGateways call

[2013-03-30 13:07:22]function sendSMSAllGateways call

[2013-03-30 13:12:22]function sendSMSAllGateways call

[2013-03-30 13:17:22]function sendSMSAllGateways call

[2013-03-30 13:22:22]function sendSMSAllGateways call

[2013-03-30 13:27:22]function sendSMSAllGateways call

[2013-03-30 13:32:22]function sendSMSAllGateways call

[2013-03-30 13:37:22]function sendSMSAllGateways call

[2013-03-30 13:42:22]function sendSMSAllGateways call

[2013-03-30 13:47:22]function sendSMSAllGateways call

[2013-03-30 13:52:22]function sendSMSAllGateways call

[2013-03-30 13:57:22]function sendSMSAllGateways call

[2013-03-30 14:02:22]function sendSMSAllGateways call

[2013-03-30 14:07:22]function sendSMSAllGateways call

[2013-03-30 14:12:22]function sendSMSAllGateways call

[2013-03-30 14:17:22]function sendSMSAllGateways call

[2013-03-30 14:22:22]function sendSMSAllGateways call

[2013-03-30 14:27:22]function sendSMSAllGateways call

[2013-03-30 14:32:22]function sendSMSAllGateways call

[2013-03-30 14:37:22]function sendSMSAllGateways call

[2013-03-30 14:42:22]function sendSMSAllGateways call

[2013-03-30 14:47:22]function sendSMSAllGateways call

[2013-03-30 14:52:22]function sendSMSAllGateways call

[2013-03-30 14:57:22]function sendSMSAllGateways call

[2013-03-30 15:02:22]function sendSMSAllGateways call

[2013-03-30 15:07:22]function sendSMSAllGateways call

[2013-03-30 15:12:22]function sendSMSAllGateways call

[2013-03-30 15:17:22]function sendSMSAllGateways call

[2013-03-30 15:22:22]function sendSMSAllGateways call

[2013-03-30 15:27:22]function sendSMSAllGateways call

[2013-03-30 15:32:22]function sendSMSAllGateways call

[2013-03-30 15:37:22]function sendSMSAllGateways call

[2013-03-30 15:42:22]function sendSMSAllGateways call

[2013-03-30 15:47:22]function sendSMSAllGateways call

[2013-03-30 15:52:22]function sendSMSAllGateways call

[2013-03-30 15:57:22]function sendSMSAllGateways call

[2013-03-30 16:02:22]function sendSMSAllGateways call

[2013-03-30 16:07:22]function sendSMSAllGateways call

[2013-03-30 16:12:22]function sendSMSAllGateways call

[2013-03-30 16:17:22]function sendSMSAllGateways call

[2013-03-30 16:22:22]function sendSMSAllGateways call

[2013-03-30 16:27:22]function sendSMSAllGateways call

[2013-03-30 16:32:22]function sendSMSAllGateways call

[2013-03-30 16:37:22]function sendSMSAllGateways call

[2013-03-30 16:42:22]function sendSMSAllGateways call

[2013-03-30 16:47:22]function sendSMSAllGateways call

[2013-03-30 16:52:22]function sendSMSAllGateways call

[2013-03-30 16:57:22]function sendSMSAllGateways call

[2013-03-30 17:02:22]function sendSMSAllGateways call

[2013-03-30 17:07:22]function sendSMSAllGateways call

[2013-03-30 17:12:22]function sendSMSAllGateways call

[2013-03-30 17:17:22]function sendSMSAllGateways call

[2013-03-30 17:22:22]function sendSMSAllGateways call

[2013-03-30 17:27:22]function sendSMSAllGateways call

[2013-03-30 17:32:22]function sendSMSAllGateways call

[2013-03-30 17:37:22]function sendSMSAllGateways call

[2013-03-30 17:42:22]function sendSMSAllGateways call

[2013-03-30 17:47:22]function sendSMSAllGateways call

[2013-03-30 17:52:22]function sendSMSAllGateways call

[2013-03-30 17:57:22]function sendSMSAllGateways call

[2013-03-30 18:02:22]function sendSMSAllGateways call

[2013-03-30 18:07:22]function sendSMSAllGateways call

[2013-03-30 18:12:22]function sendSMSAllGateways call

[2013-03-30 18:17:22]function sendSMSAllGateways call

[2013-03-30 18:22:22]function sendSMSAllGateways call

[2013-03-30 18:27:22]function sendSMSAllGateways call

[2013-03-30 18:32:22]function sendSMSAllGateways call

[2013-03-30 18:37:22]function sendSMSAllGateways call

[2013-03-30 18:42:22]function sendSMSAllGateways call

[2013-03-30 18:47:22]function sendSMSAllGateways call

[2013-03-30 18:52:22]function sendSMSAllGateways call

[2013-03-30 18:57:22]function sendSMSAllGateways call

[2013-03-30 19:02:22]function sendSMSAllGateways call

[2013-03-30 19:07:22]function sendSMSAllGateways call

[2013-03-30 19:12:22]function sendSMSAllGateways call

[2013-03-30 19:17:22]function sendSMSAllGateways call

[2013-03-30 19:22:22]function sendSMSAllGateways call

[2013-03-30 19:27:22]function sendSMSAllGateways call

[2013-03-30 19:32:22]function sendSMSAllGateways call

[2013-03-30 19:37:22]function sendSMSAllGateways call

[2013-03-30 19:42:22]function sendSMSAllGateways call

[2013-03-30 19:47:22]function sendSMSAllGateways call

[2013-03-30 19:52:22]function sendSMSAllGateways call

[2013-03-30 19:57:22]function sendSMSAllGateways call

[2013-03-30 20:02:22]function sendSMSAllGateways call

[2013-03-30 20:07:22]function sendSMSAllGateways call

[2013-03-30 20:12:22]function sendSMSAllGateways call

[2013-03-30 20:17:22]function sendSMSAllGateways call

[2013-03-30 20:22:22]function sendSMSAllGateways call

[2013-03-30 20:27:22]function sendSMSAllGateways call

[2013-03-30 20:32:22]function sendSMSAllGateways call

[2013-03-30 20:37:22]function sendSMSAllGateways call

[2013-03-30 20:42:22]function sendSMSAllGateways call

[2013-03-30 20:47:22]function sendSMSAllGateways call

[2013-03-30 20:52:22]function sendSMSAllGateways call

[2013-03-30 20:57:22]function sendSMSAllGateways call

[2013-03-30 21:02:22]function sendSMSAllGateways call

[2013-03-30 21:07:22]function sendSMSAllGateways call

[2013-03-30 21:12:22]function sendSMSAllGateways call

[2013-03-30 21:17:22]function sendSMSAllGateways call

[2013-03-30 21:22:22]function sendSMSAllGateways call

[2013-03-30 21:27:22]function sendSMSAllGateways call

[2013-03-30 21:32:22]function sendSMSAllGateways call

[2013-03-30 21:37:22]function sendSMSAllGateways call

[2013-03-30 21:42:22]function sendSMSAllGateways call

[2013-03-30 21:47:22]function sendSMSAllGateways call

[2013-03-30 21:52:22]function sendSMSAllGateways call

[2013-03-30 21:57:22]function sendSMSAllGateways call

[2013-03-30 22:02:22]function sendSMSAllGateways call

[2013-03-30 22:07:22]function sendSMSAllGateways call

[2013-03-30 22:12:22]function sendSMSAllGateways call

[2013-03-30 22:17:22]function sendSMSAllGateways call

[2013-03-30 22:22:22]function sendSMSAllGateways call

[2013-03-30 22:27:22]function sendSMSAllGateways call

[2013-03-30 22:32:22]function sendSMSAllGateways call

[2013-03-30 22:37:22]function sendSMSAllGateways call

[2013-03-30 22:42:22]function sendSMSAllGateways call

[2013-03-30 22:47:22]function sendSMSAllGateways call

[2013-03-30 22:52:22]function sendSMSAllGateways call

[2013-03-30 22:57:22]function sendSMSAllGateways call

[2013-03-30 23:02:22]function sendSMSAllGateways call

[2013-03-30 23:07:22]function sendSMSAllGateways call

[2013-03-30 23:12:22]function sendSMSAllGateways call

[2013-03-30 23:17:22]function sendSMSAllGateways call

[2013-03-30 23:22:22]function sendSMSAllGateways call

[2013-03-30 23:27:22]function sendSMSAllGateways call

[2013-03-30 23:32:22]function sendSMSAllGateways call

[2013-03-30 23:37:22]function sendSMSAllGateways call

[2013-03-30 23:42:22]function sendSMSAllGateways call

[2013-03-30 23:47:22]function sendSMSAllGateways call

[2013-03-30 23:52:22]function sendSMSAllGateways call

[2013-03-30 23:57:22]function sendSMSAllGateways call

[2013-03-31 0:02:22]function sendSMSAllGateways call

[2013-03-31 0:07:22]function sendSMSAllGateways call

[2013-03-31 0:12:22]function sendSMSAllGateways call

[2013-03-31 0:17:22]function sendSMSAllGateways call

[2013-03-31 0:22:22]function sendSMSAllGateways call

[2013-03-31 0:27:22]function sendSMSAllGateways call

[2013-03-31 0:32:22]function sendSMSAllGateways call

[2013-03-31 0:37:22]function sendSMSAllGateways call

[2013-03-31 0:42:22]function sendSMSAllGateways call

[2013-03-31 0:47:22]function sendSMSAllGateways call

[2013-03-31 0:52:22]function sendSMSAllGateways call

[2013-03-31 0:57:22]function sendSMSAllGateways call

[2013-03-31 1:02:22]function sendSMSAllGateways call

[2013-03-31 1:07:22]function sendSMSAllGateways call

[2013-03-31 1:12:22]function sendSMSAllGateways call

[2013-03-31 1:17:22]function sendSMSAllGateways call

[2013-03-31 1:22:22]function sendSMSAllGateways call

[2013-03-31 1:27:22]function sendSMSAllGateways call

[2013-03-31 1:32:22]function sendSMSAllGateways call

[2013-03-31 1:37:22]function sendSMSAllGateways call

[2013-03-31 1:42:22]function sendSMSAllGateways call

[2013-03-31 1:47:22]function sendSMSAllGateways call

[2013-03-31 1:52:22]function sendSMSAllGateways call

[2013-03-31 1:57:22]function sendSMSAllGateways call

[2013-03-31 2:02:22]function sendSMSAllGateways call

[2013-03-31 2:07:22]function sendSMSAllGateways call

[2013-03-31 2:12:22]function sendSMSAllGateways call

[2013-03-31 2:17:22]function sendSMSAllGateways call

[2013-03-31 2:22:22]function sendSMSAllGateways call

[2013-03-31 2:27:22]function sendSMSAllGateways call

[2013-03-31 2:32:22]function sendSMSAllGateways call

[2013-03-31 2:37:22]function sendSMSAllGateways call

[2013-03-31 2:42:22]function sendSMSAllGateways call

[2013-03-31 2:47:22]function sendSMSAllGateways call

[2013-03-31 2:52:22]function sendSMSAllGateways call

[2013-03-31 2:57:22]function sendSMSAllGateways call

[2013-03-31 3:02:22]function sendSMSAllGateways call

[2013-03-31 3:07:22]function sendSMSAllGateways call

[2013-03-31 3:12:22]function sendSMSAllGateways call

[2013-03-31 3:17:22]function sendSMSAllGateways call

[2013-03-31 3:22:22]function sendSMSAllGateways call

[2013-03-31 3:27:22]function sendSMSAllGateways call

[2013-03-31 3:32:22]function sendSMSAllGateways call

[2013-03-31 3:37:22]function sendSMSAllGateways call

[2013-03-31 3:42:22]function sendSMSAllGateways call

[2013-03-31 3:47:22]function sendSMSAllGateways call

[2013-03-31 3:52:22]function sendSMSAllGateways call

[2013-03-31 3:57:22]function sendSMSAllGateways call

[2013-03-31 4:02:22]function sendSMSAllGateways call

[2013-03-31 4:07:22]function sendSMSAllGateways call

[2013-03-31 4:12:22]function sendSMSAllGateways call

[2013-03-31 4:17:22]function sendSMSAllGateways call

[2013-03-31 4:22:22]function sendSMSAllGateways call

[2013-03-31 4:27:22]function sendSMSAllGateways call

[2013-03-31 4:32:22]function sendSMSAllGateways call

[2013-03-31 4:37:22]function sendSMSAllGateways call

[2013-03-31 4:42:22]function sendSMSAllGateways call

[2013-03-31 4:47:22]function sendSMSAllGateways call

[2013-03-31 4:52:22]function sendSMSAllGateways call

[2013-03-31 4:57:22]function sendSMSAllGateways call

[2013-03-31 5:02:22]function sendSMSAllGateways call

[2013-03-31 5:07:22]function sendSMSAllGateways call

[2013-03-31 5:12:22]function sendSMSAllGateways call

[2013-03-31 5:17:22]function sendSMSAllGateways call

[2013-03-31 5:22:22]function sendSMSAllGateways call

[2013-03-31 5:27:22]function sendSMSAllGateways call

[2013-03-31 5:32:22]function sendSMSAllGateways call

[2013-03-31 5:37:22]function sendSMSAllGateways call

[2013-03-31 5:42:22]function sendSMSAllGateways call

[2013-03-31 5:47:22]function sendSMSAllGateways call

[2013-03-31 5:52:22]function sendSMSAllGateways call

[2013-03-31 5:57:22]function sendSMSAllGateways call

[2013-03-31 6:02:22]function sendSMSAllGateways call

[2013-03-31 6:07:22]function sendSMSAllGateways call

[2013-03-31 6:12:22]function sendSMSAllGateways call

[2013-03-31 6:17:22]function sendSMSAllGateways call

[2013-03-31 6:22:22]function sendSMSAllGateways call

[2013-03-31 6:27:22]function sendSMSAllGateways call

[2013-03-31 6:32:22]function sendSMSAllGateways call

[2013-03-31 6:37:22]function sendSMSAllGateways call

[2013-03-31 6:42:22]function sendSMSAllGateways call

[2013-03-31 6:47:22]function sendSMSAllGateways call

[2013-03-31 6:52:22]function sendSMSAllGateways call

[2013-03-31 6:57:22]function sendSMSAllGateways call

[2013-03-31 7:02:22]function sendSMSAllGateways call

[2013-03-31 7:07:22]function sendSMSAllGateways call

[2013-03-31 7:12:22]function sendSMSAllGateways call

[2013-03-31 7:17:22]function sendSMSAllGateways call

[2013-03-31 7:22:22]function sendSMSAllGateways call

[2013-03-31 7:27:22]function sendSMSAllGateways call

[2013-03-31 7:32:22]function sendSMSAllGateways call

[2013-03-31 7:37:22]function sendSMSAllGateways call

[2013-03-31 7:42:22]function sendSMSAllGateways call

[2013-03-31 7:47:22]function sendSMSAllGateways call

[2013-03-31 7:52:22]function sendSMSAllGateways call

[2013-03-31 7:57:22]function sendSMSAllGateways call

[2013-03-31 8:02:22]function sendSMSAllGateways call

[2013-03-31 8:07:22]function sendSMSAllGateways call

[2013-03-31 8:12:22]function sendSMSAllGateways call

[2013-03-31 8:17:22]function sendSMSAllGateways call

[2013-03-31 8:22:22]function sendSMSAllGateways call

[2013-03-31 8:27:22]function sendSMSAllGateways call

[2013-03-31 8:32:22]function sendSMSAllGateways call

[2013-03-31 8:37:22]function sendSMSAllGateways call

[2013-03-31 8:42:22]function sendSMSAllGateways call

[2013-03-31 8:47:22]function sendSMSAllGateways call

[2013-03-31 8:52:22]function sendSMSAllGateways call

[2013-03-31 8:57:22]function sendSMSAllGateways call

[2013-03-31 9:02:22]function sendSMSAllGateways call

[2013-03-31 9:07:22]function sendSMSAllGateways call

[2013-03-31 9:12:22]function sendSMSAllGateways call

[2013-03-31 9:17:22]function sendSMSAllGateways call

[2013-03-31 9:22:22]function sendSMSAllGateways call

[2013-03-31 9:27:22]function sendSMSAllGateways call

[2013-03-31 9:32:22]function sendSMSAllGateways call

[2013-03-31 9:37:22]function sendSMSAllGateways call

[2013-03-31 9:42:22]function sendSMSAllGateways call

[2013-03-31 9:47:22]function sendSMSAllGateways call

[2013-03-31 9:52:22]function sendSMSAllGateways call

[2013-03-31 9:57:22]function sendSMSAllGateways call

[2013-03-31 10:02:22]function sendSMSAllGateways call

[2013-03-31 10:07:22]function sendSMSAllGateways call

[2013-03-31 10:12:22]function sendSMSAllGateways call

[2013-03-31 10:17:22]function sendSMSAllGateways call

[2013-03-31 10:22:22]function sendSMSAllGateways call

[2013-03-31 10:27:22]function sendSMSAllGateways call

[2013-03-31 10:32:22]function sendSMSAllGateways call

[2013-03-31 10:37:22]function sendSMSAllGateways call

[2013-03-31 10:42:22]function sendSMSAllGateways call

[2013-03-31 10:47:22]function sendSMSAllGateways call

[2013-03-31 10:52:22]function sendSMSAllGateways call

[2013-03-31 10:57:22]function sendSMSAllGateways call

[2013-03-31 11:02:22]function sendSMSAllGateways call

[2013-03-31 11:07:22]function sendSMSAllGateways call

[2013-03-31 11:12:22]function sendSMSAllGateways call

[2013-03-31 11:17:22]function sendSMSAllGateways call

[2013-03-31 11:22:22]function sendSMSAllGateways call

[2013-03-31 11:27:22]function sendSMSAllGateways call

[2013-03-31 11:32:22]function sendSMSAllGateways call

[2013-03-31 11:37:22]function sendSMSAllGateways call

[2013-03-31 11:42:22]function sendSMSAllGateways call

[2013-03-31 11:47:22]function sendSMSAllGateways call

[2013-03-31 11:52:22]function sendSMSAllGateways call

[2013-03-31 11:57:22]function sendSMSAllGateways call

[2013-03-31 12:02:22]function sendSMSAllGateways call

[2013-03-31 12:07:22]function sendSMSAllGateways call

[2013-03-31 12:12:22]function sendSMSAllGateways call

[2013-03-31 12:17:22]function sendSMSAllGateways call

[2013-03-31 12:22:22]function sendSMSAllGateways call

[2013-03-31 12:27:22]function sendSMSAllGateways call

[2013-03-31 12:32:22]function sendSMSAllGateways call

[2013-03-31 12:37:22]function sendSMSAllGateways call

[2013-03-31 12:42:22]function sendSMSAllGateways call

[2013-03-31 12:47:22]function sendSMSAllGateways call

[2013-03-31 12:52:22]function sendSMSAllGateways call

[2013-03-31 12:57:22]function sendSMSAllGateways call

[2013-03-31 13:02:22]function sendSMSAllGateways call

[2013-03-31 13:07:22]function sendSMSAllGateways call

[2013-03-31 13:12:22]function sendSMSAllGateways call

[2013-03-31 13:17:22]function sendSMSAllGateways call

[2013-03-31 13:22:22]function sendSMSAllGateways call

[2013-03-31 13:27:22]function sendSMSAllGateways call

[2013-03-31 13:32:22]function sendSMSAllGateways call

[2013-03-31 13:37:22]function sendSMSAllGateways call

[2013-03-31 13:42:22]function sendSMSAllGateways call

[2013-03-31 13:47:22]function sendSMSAllGateways call

[2013-03-31 13:52:22]function sendSMSAllGateways call

[2013-03-31 13:57:22]function sendSMSAllGateways call

[2013-03-31 14:02:22]function sendSMSAllGateways call

[2013-03-31 14:07:22]function sendSMSAllGateways call

[2013-03-31 14:12:22]function sendSMSAllGateways call

[2013-03-31 14:17:22]function sendSMSAllGateways call

[2013-03-31 14:22:22]function sendSMSAllGateways call

[2013-03-31 14:27:22]function sendSMSAllGateways call

[2013-03-31 14:32:22]function sendSMSAllGateways call

[2013-03-31 14:37:22]function sendSMSAllGateways call

[2013-03-31 14:42:22]function sendSMSAllGateways call

[2013-03-31 14:47:22]function sendSMSAllGateways call

[2013-03-31 14:52:22]function sendSMSAllGateways call

[2013-03-31 14:57:22]function sendSMSAllGateways call

[2013-03-31 15:02:22]function sendSMSAllGateways call

[2013-03-31 15:07:22]function sendSMSAllGateways call

[2013-03-31 15:12:22]function sendSMSAllGateways call

[2013-03-31 15:17:22]function sendSMSAllGateways call

[2013-03-31 15:22:22]function sendSMSAllGateways call

[2013-03-31 15:27:22]function sendSMSAllGateways call

[2013-03-31 15:32:22]function sendSMSAllGateways call

[2013-03-31 15:37:22]function sendSMSAllGateways call

[2013-03-31 15:42:22]function sendSMSAllGateways call

[2013-03-31 15:47:22]function sendSMSAllGateways call

[2013-03-31 15:52:22]function sendSMSAllGateways call

[2013-03-31 15:57:22]function sendSMSAllGateways call

[2013-03-31 16:02:22]function sendSMSAllGateways call

[2013-03-31 16:07:22]function sendSMSAllGateways call

[2013-03-31 16:12:22]function sendSMSAllGateways call

[2013-03-31 16:17:22]function sendSMSAllGateways call

[2013-03-31 16:22:22]function sendSMSAllGateways call

[2013-03-31 16:27:22]function sendSMSAllGateways call

[2013-03-31 16:32:22]function sendSMSAllGateways call

[2013-03-31 16:37:22]function sendSMSAllGateways call

[2013-03-31 16:42:22]function sendSMSAllGateways call

[2013-03-31 16:47:22]function sendSMSAllGateways call

[2013-03-31 16:52:22]function sendSMSAllGateways call

[2013-03-31 16:57:22]function sendSMSAllGateways call

[2013-03-31 17:02:22]function sendSMSAllGateways call

[2013-03-31 17:07:22]function sendSMSAllGateways call

[2013-03-31 17:12:22]function sendSMSAllGateways call

[2013-03-31 17:17:22]function sendSMSAllGateways call

[2013-03-31 17:22:22]function sendSMSAllGateways call

[2013-03-31 17:27:22]function sendSMSAllGateways call

[2013-03-31 17:32:22]function sendSMSAllGateways call

[2013-03-31 17:37:22]function sendSMSAllGateways call

[2013-03-31 17:42:22]function sendSMSAllGateways call

[2013-03-31 17:47:22]function sendSMSAllGateways call

[2013-03-31 17:52:22]function sendSMSAllGateways call

[2013-03-31 17:57:22]function sendSMSAllGateways call

[2013-03-31 18:02:22]function sendSMSAllGateways call

[2013-03-31 18:07:22]function sendSMSAllGateways call

[2013-03-31 18:12:22]function sendSMSAllGateways call

[2013-03-31 18:17:22]function sendSMSAllGateways call

[2013-03-31 18:22:22]function sendSMSAllGateways call

[2013-03-31 18:27:22]function sendSMSAllGateways call

[2013-03-31 18:32:22]function sendSMSAllGateways call

[2013-03-31 18:37:22]function sendSMSAllGateways call

[2013-03-31 18:42:22]function sendSMSAllGateways call

[2013-03-31 18:47:22]function sendSMSAllGateways call

[2013-03-31 18:52:22]function sendSMSAllGateways call

[2013-03-31 18:57:22]function sendSMSAllGateways call

[2013-03-31 19:02:22]function sendSMSAllGateways call

[2013-03-31 19:07:22]function sendSMSAllGateways call

[2013-03-31 19:12:21]function sendSMSAllGateways call

[2013-03-31 19:17:22]function sendSMSAllGateways call

[2013-03-31 19:22:22]function sendSMSAllGateways call

[2013-03-31 19:27:22]function sendSMSAllGateways call

[2013-03-31 19:32:22]function sendSMSAllGateways call

[2013-03-31 19:37:22]function sendSMSAllGateways call

[2013-03-31 19:42:22]function sendSMSAllGateways call

[2013-03-31 19:47:22]function sendSMSAllGateways call

[2013-03-31 19:52:22]function sendSMSAllGateways call

[2013-03-31 19:57:22]function sendSMSAllGateways call

[2013-03-31 20:02:22]function sendSMSAllGateways call

[2013-03-31 20:07:22]function sendSMSAllGateways call

[2013-03-31 20:12:22]function sendSMSAllGateways call

[2013-03-31 20:17:22]function sendSMSAllGateways call

[2013-03-31 20:22:22]function sendSMSAllGateways call

[2013-03-31 20:27:22]function sendSMSAllGateways call

[2013-03-31 20:32:22]function sendSMSAllGateways call

[2013-03-31 20:37:22]function sendSMSAllGateways call

[2013-03-31 20:42:22]function sendSMSAllGateways call

[2013-03-31 20:47:22]function sendSMSAllGateways call

[2013-03-31 20:52:22]function sendSMSAllGateways call

[2013-03-31 20:57:22]function sendSMSAllGateways call

[2013-03-31 21:02:22]function sendSMSAllGateways call

[2013-03-31 21:07:22]function sendSMSAllGateways call

[2013-03-31 21:12:22]function sendSMSAllGateways call

[2013-03-31 21:17:22]function sendSMSAllGateways call

[2013-03-31 21:22:22]function sendSMSAllGateways call

[2013-03-31 21:27:22]function sendSMSAllGateways call

[2013-03-31 21:32:22]function sendSMSAllGateways call

[2013-03-31 21:37:22]function sendSMSAllGateways call

[2013-03-31 21:42:22]function sendSMSAllGateways call

[2013-03-31 21:47:22]function sendSMSAllGateways call

[2013-03-31 21:52:22]function sendSMSAllGateways call

[2013-03-31 21:57:22]function sendSMSAllGateways call

[2013-03-31 22:02:22]function sendSMSAllGateways call

[2013-03-31 22:07:22]function sendSMSAllGateways call

[2013-03-31 22:12:22]function sendSMSAllGateways call

[2013-03-31 22:17:22]function sendSMSAllGateways call

[2013-03-31 22:22:22]function sendSMSAllGateways call

[2013-03-31 22:27:22]function sendSMSAllGateways call

[2013-03-31 22:32:22]function sendSMSAllGateways call

[2013-03-31 22:37:22]function sendSMSAllGateways call

[2013-03-31 22:42:22]function sendSMSAllGateways call

[2013-03-31 22:47:22]function sendSMSAllGateways call

[2013-03-31 22:52:22]function sendSMSAllGateways call

[2013-03-31 22:57:22]function sendSMSAllGateways call

[2013-03-31 23:02:22]function sendSMSAllGateways call

[2013-03-31 23:07:22]function sendSMSAllGateways call

[2013-03-31 23:12:22]function sendSMSAllGateways call

[2013-03-31 23:17:22]function sendSMSAllGateways call

[2013-03-31 23:22:22]function sendSMSAllGateways call

[2013-03-31 23:27:22]function sendSMSAllGateways call

[2013-03-31 23:32:22]function sendSMSAllGateways call

[2013-03-31 23:37:22]function sendSMSAllGateways call

[2013-03-31 23:42:22]function sendSMSAllGateways call

[2013-03-31 23:47:22]function sendSMSAllGateways call

[2013-03-31 23:52:22]function sendSMSAllGateways call

[2013-03-31 23:57:22]function sendSMSAllGateways call

[2013-04-1 0:02:22]function sendSMSAllGateways call

[2013-04-1 0:07:22]function sendSMSAllGateways call

[2013-04-1 0:12:22]function sendSMSAllGateways call

[2013-04-1 0:17:22]function sendSMSAllGateways call

[2013-04-1 0:22:22]function sendSMSAllGateways call

[2013-04-1 0:27:22]function sendSMSAllGateways call

[2013-04-1 0:32:22]function sendSMSAllGateways call

[2013-04-1 0:37:22]function sendSMSAllGateways call

[2013-04-1 0:42:22]function sendSMSAllGateways call

[2013-04-1 0:47:22]function sendSMSAllGateways call

[2013-04-1 0:52:22]function sendSMSAllGateways call

[2013-04-1 0:57:22]function sendSMSAllGateways call

[2013-04-1 1:02:22]function sendSMSAllGateways call

[2013-04-1 1:07:22]function sendSMSAllGateways call

[2013-04-1 1:12:22]function sendSMSAllGateways call

[2013-04-1 1:17:22]function sendSMSAllGateways call

[2013-04-1 1:22:22]function sendSMSAllGateways call

[2013-04-1 1:27:22]function sendSMSAllGateways call

[2013-04-1 1:32:22]function sendSMSAllGateways call

[2013-04-1 1:37:22]function sendSMSAllGateways call

[2013-04-1 1:42:22]function sendSMSAllGateways call

[2013-04-4 4:32:40]function sendSMSAllGateways call

[2013-04-4 4:32:44]SQL:INSERT INTO sms_inbound (ref_id,msisdn_to,message,group_id,subgroup_id,user_id,unique_id,status,date_time,msgId,type) 
				values ('117','923007047689','iMMAP FLASH ALERT
KHI - KORANGI NO.5 
EXPLOSION AT RANGERS POST
AVOID THE AREA','3','0','4','2013040314470913855',2,NOW(),'10618826','w')
[2013-04-4 4:32:44]UPDATE sms_outbound set status=1 where  id='117'
[2013-04-4 4:32:50]SQL:INSERT INTO sms_inbound (ref_id,msisdn_to,message,group_id,subgroup_id,user_id,unique_id,status,date_time,msgId,type) 
				values ('118','923352204814','iMMAP FLASH ALERT
KHI - KORANGI NO.5 
EXPLOSION AT RANGERS POST
AVOID THE AREA','3','0','5','2013040314470913855',2,NOW(),'10618828','w')
[2013-04-4 4:32:50]UPDATE sms_outbound set status=1 where  id='118'
[2013-04-4 4:32:53]SQL:INSERT INTO sms_inbound (ref_id,msisdn_to,message,group_id,subgroup_id,user_id,unique_id,status,date_time,msgId,type) 
				values ('119','923075633252','iMMAP FLASH ALERT
KHI - KORANGI NO.5 
EXPLOSION AT RANGERS POST
AVOID THE AREA','3','0','6','2013040314470913855',2,NOW(),'10618830','w')
[2013-04-4 4:32:53]UPDATE sms_outbound set status=1 where  id='119'
[2013-04-4 4:32:53]SQL:INSERT INTO sms_inbound (ref_id,msisdn_to,message,group_id,subgroup_id,user_id,unique_id,status,date_time,msgId,type) 
				values ('120','923009508123','iMMAP FLASH ALERT
KHI - KORANGI NO.5 
EXPLOSION AT RANGERS POST
AVOID THE AREA','3','0','7','2013040314470913855',2,NOW(),'10618831','w')
[2013-04-4 4:32:53]UPDATE sms_outbound set status=1 where  id='120'
[2013-04-4 4:32:53]SQL:INSERT INTO sms_inbound (ref_id,msisdn_to,message,group_id,subgroup_id,user_id,unique_id,status,date_time,msgId,type) 
				values ('121','923063877900','iMMAP FLASH ALERT
KHI - KORANGI NO.5 
EXPLOSION AT RANGERS POST
AVOID THE AREA','3','0','8','2013040314470913855',2,NOW(),'10618832','w')
[2013-04-4 4:32:53]UPDATE sms_outbound set status=1 where  id='121'
[2013-04-4 4:32:54]SQL:INSERT INTO sms_inbound (ref_id,msisdn_to,message,group_id,subgroup_id,user_id,unique_id,status,date_time,msgId,type) 
				values ('122','923028513375','iMMAP FLASH ALERT
KHI - KORANGI NO.5 
EXPLOSION AT RANGERS POST
AVOID THE AREA','3','0','9','2013040314470913855',2,NOW(),'10618833','w')
[2013-04-4 4:32:54]UPDATE sms_outbound set status=1 where  id='122'
[2013-04-4 4:32:54]SQL:INSERT INTO sms_inbound (ref_id,msisdn_to,message,group_id,subgroup_id,user_id,unique_id,status,date_time,msgId,type) 
				values ('123','923149630200','iMMAP FLASH ALERT
KHI - KORANGI NO.5 
EXPLOSION AT RANGERS POST
AVOID THE AREA','3','0','10','2013040314470913855',2,NOW(),'10618834','w')
[2013-04-4 4:32:54]UPDATE sms_outbound set status=1 where  id='123'
[2013-04-4 4:32:54]SQL:INSERT INTO sms_inbound (ref_id,msisdn_to,message,group_id,subgroup_id,user_id,unique_id,status,date_time,msgId,type) 
				values ('124','923135354974','iMMAP FLASH ALERT
KHI - KORANGI NO.5 
EXPLOSION AT RANGERS POST
AVOID THE AREA','3','0','11','2013040314470913855',2,NOW(),'10618835','w')
[2013-04-4 4:32:54]UPDATE sms_outbound set status=1 where  id='124'
[2013-04-4 4:32:54]SQL:INSERT INTO sms_inbound (ref_id,msisdn_to,message,group_id,subgroup_id,user_id,unique_id,status,date_time,msgId,type) 
				values ('125','923352537752','iMMAP FLASH ALERT
KHI - KORANGI NO.5 
EXPLOSION AT RANGERS POST
AVOID THE AREA','3','0','12','2013040314470913855',2,NOW(),'10618836','w')
[2013-04-4 4:32:54]UPDATE sms_outbound set status=1 where  id='125'
[2013-04-4 4:32:54]SQL:INSERT INTO sms_inbound (ref_id,msisdn_to,message,group_id,subgroup_id,user_id,unique_id,status,date_time,msgId,type) 
				values ('126','923333327526','iMMAP FLASH ALERT
KHI - KORANGI NO.5 
EXPLOSION AT RANGERS POST
AVOID THE AREA','3','0','13','2013040314470913855',2,NOW(),'10618837','w')
[2013-04-4 4:32:54]UPDATE sms_outbound set status=1 where  id='126'
[2013-04-4 4:32:54]SQL:INSERT INTO sms_inbound (ref_id,msisdn_to,message,group_id,subgroup_id,user_id,unique_id,status,date_time,msgId,type) 
				values ('127','923312459827','iMMAP FLASH ALERT
KHI - KORANGI NO.5 
EXPLOSION AT RANGERS POST
AVOID THE AREA','3','0','14','2013040314470913855',2,NOW(),'10618838','w')
[2013-04-4 4:32:54]UPDATE sms_outbound set status=1 where  id='127'
[2013-04-4 4:32:54]SQL:INSERT INTO sms_inbound (ref_id,msisdn_to,message,group_id,subgroup_id,user_id,unique_id,status,date_time,msgId,type) 
				values ('128','923005026410','iMMAP FLASH ALERT
KHI - KORANGI NO.5 
EXPLOSION AT RANGERS POST
AVOID THE AREA','3','0','16','2013040314470913855',2,NOW(),'10618839','w')
[2013-04-4 4:32:54]UPDATE sms_outbound set status=1 where  id='128'
[2013-04-4 4:32:54]SQL:INSERT INTO sms_inbound (ref_id,msisdn_to,message,group_id,subgroup_id,user_id,unique_id,status,date_time,msgId,type) 
				values ('129','923333886321','iMMAP FLASH ALERT
KHI - KORANGI NO.5 
EXPLOSION AT RANGERS POST
AVOID THE AREA','3','0','17','2013040314470913855',2,NOW(),'10618840','w')
[2013-04-4 4:32:54]UPDATE sms_outbound set status=1 where  id='129'
[2013-04-4 4:32:55]SQL:INSERT INTO sms_inbound (ref_id,msisdn_to,message,group_id,subgroup_id,user_id,unique_id,status,date_time,msgId,type) 
				values ('130','923334448143','iMMAP FLASH ALERT
KHI - KORANGI NO.5 
EXPLOSION AT RANGERS POST
AVOID THE AREA','3','0','18','2013040314470913855',2,NOW(),'10618841','w')
[2013-04-4 4:32:55]UPDATE sms_outbound set status=1 where  id='130'
[2013-04-4 4:37:22]function sendSMSAllGateways call

[2013-04-4 4:42:22]function sendSMSAllGateways call

[2013-04-4 4:42:22]SQL:INSERT INTO sms_inbound (ref_id,msisdn_to,message,group_id,subgroup_id,user_id,unique_id,status,date_time,msgId,type) 
				values ('9','923335049649','tet','3','0','38','20130326072106797302',2,NOW(),'10618937','w')
[2013-04-4 4:42:22]UPDATE sms_outbound set status=1 where  id='9'
[2013-04-4 4:42:22]SQL:INSERT INTO sms_inbound (ref_id,msisdn_to,message,group_id,subgroup_id,user_id,unique_id,status,date_time,msgId,type) 
				values ('10','923335049649','test','3','0','38','20130326072132525116',2,NOW(),'10618938','w')
[2013-04-4 4:42:22]UPDATE sms_outbound set status=1 where  id='10'
[2013-04-4 4:42:22]SQL:INSERT INTO sms_inbound (ref_id,msisdn_to,message,group_id,subgroup_id,user_id,unique_id,status,date_time,msgId,type) 
				values ('11','923335049649','Test SMS','3','0','38','20130327045223205780',2,NOW(),'10618939','w')
[2013-04-4 4:42:22]UPDATE sms_outbound set status=1 where  id='11'
[2013-04-4 4:47:22]function sendSMSAllGateways call

[2013-04-4 4:52:22]function sendSMSAllGateways call

[2013-04-4 4:57:22]function sendSMSAllGateways call

[2013-04-4 5:02:22]function sendSMSAllGateways call

[2013-04-4 5:07:22]function sendSMSAllGateways call

[2013-04-4 5:12:22]function sendSMSAllGateways call

[2013-04-4 5:17:22]function sendSMSAllGateways call

[2013-04-4 5:22:22]function sendSMSAllGateways call

[2013-04-4 5:27:22]function sendSMSAllGateways call

[2013-04-4 5:32:22]function sendSMSAllGateways call

[2013-04-4 5:37:22]function sendSMSAllGateways call

[2013-04-4 5:42:22]function sendSMSAllGateways call

[2013-04-4 5:47:22]function sendSMSAllGateways call

[2013-04-4 5:52:22]function sendSMSAllGateways call

[2013-04-4 5:57:22]function sendSMSAllGateways call

[2013-04-4 6:02:22]function sendSMSAllGateways call

[2013-04-4 6:07:22]function sendSMSAllGateways call

[2013-04-4 6:12:22]function sendSMSAllGateways call

[2013-04-4 6:17:22]function sendSMSAllGateways call

[2013-04-4 6:22:22]function sendSMSAllGateways call

[2013-04-4 6:27:22]function sendSMSAllGateways call

[2013-04-4 6:32:22]function sendSMSAllGateways call

[2013-04-4 6:37:22]function sendSMSAllGateways call

[2013-04-4 6:42:22]function sendSMSAllGateways call

[2013-04-4 6:47:22]function sendSMSAllGateways call

[2013-04-4 6:52:22]function sendSMSAllGateways call

[2013-04-4 6:57:22]function sendSMSAllGateways call

[2013-04-4 7:02:22]function sendSMSAllGateways call

[2013-04-4 7:07:22]function sendSMSAllGateways call

[2013-04-4 7:12:22]function sendSMSAllGateways call

[2013-04-4 7:17:22]function sendSMSAllGateways call

[2013-04-4 7:22:22]function sendSMSAllGateways call

[2013-04-4 7:27:22]function sendSMSAllGateways call

[2013-04-4 7:32:22]function sendSMSAllGateways call

[2013-04-4 7:37:22]function sendSMSAllGateways call

[2013-04-4 7:37:25]Error3->sendsms: Unknown MSISDN, Please Check Format i-e 92345xxxxxxx'
[2013-04-4 7:42:21]function sendSMSAllGateways call

[2013-04-4 7:42:22]Error3->sendsms: Unknown MSISDN, Please Check Format i-e 92345xxxxxxx'
[2013-04-4 7:47:22]function sendSMSAllGateways call

[2013-04-4 7:47:31]Error3->sendsms: Unknown MSISDN, Please Check Format i-e 92345xxxxxxx'
[2013-04-4 7:52:22]function sendSMSAllGateways call

[2013-04-4 7:52:22]Error3->sendsms: Unknown MSISDN, Please Check Format i-e 92345xxxxxxx'
[2013-04-4 7:57:22]function sendSMSAllGateways call

[2013-04-4 7:57:25]Error3->sendsms: Unknown MSISDN, Please Check Format i-e 92345xxxxxxx'
[2013-04-4 8:02:22]function sendSMSAllGateways call

[2013-04-4 8:02:22]Error3->sendsms: Unknown MSISDN, Please Check Format i-e 92345xxxxxxx'
[2013-04-4 8:07:22]function sendSMSAllGateways call

[2013-04-4 8:07:22]Error3->sendsms: Unknown MSISDN, Please Check Format i-e 92345xxxxxxx'
[2013-04-4 8:12:22]function sendSMSAllGateways call

[2013-04-4 8:12:25]Error3->sendsms: Unknown MSISDN, Please Check Format i-e 92345xxxxxxx'
[2013-04-4 8:17:22]function sendSMSAllGateways call

[2013-04-4 8:17:22]Error3->sendsms: Unknown MSISDN, Please Check Format i-e 92345xxxxxxx'
[2013-04-4 8:22:22]function sendSMSAllGateways call

[2013-04-4 8:22:22]Error3->sendsms: Unknown MSISDN, Please Check Format i-e 92345xxxxxxx'
[2013-04-4 8:27:22]function sendSMSAllGateways call

[2013-04-4 8:27:22]SQL:INSERT INTO sms_inbound (ref_id,msisdn_to,message,group_id,subgroup_id,user_id,unique_id,status,date_time,msgId,type) 
				values ('155','923335250919','Hi please ignore this SMS. this is iMMAP other SMS System for testing.','3','3','45','20130404073624395294',2,NOW(),'10624264','w')
[2013-04-4 8:27:22]UPDATE sms_outbound set status=1 where  id='155'
[2013-04-4 8:32:22]function sendSMSAllGateways call

[2013-04-4 8:37:22]function sendSMSAllGateways call

[2013-04-4 8:42:22]function sendSMSAllGateways call

[2013-04-4 8:47:22]function sendSMSAllGateways call

[2013-04-4 8:52:22]function sendSMSAllGateways call

[2013-04-4 8:57:22]function sendSMSAllGateways call

[2013-04-4 9:02:22]function sendSMSAllGateways call

[2013-04-4 9:07:22]function sendSMSAllGateways call

[2013-04-4 9:12:22]function sendSMSAllGateways call

[2013-04-4 9:17:22]function sendSMSAllGateways call

[2013-04-4 9:22:22]function sendSMSAllGateways call

[2013-04-4 9:27:22]function sendSMSAllGateways call

[2013-04-4 9:32:22]function sendSMSAllGateways call

[2013-04-4 9:37:22]function sendSMSAllGateways call

[2013-04-4 9:42:22]function sendSMSAllGateways call

[2013-04-4 9:47:22]function sendSMSAllGateways call

[2013-04-4 9:52:22]function sendSMSAllGateways call

[2013-04-4 9:57:22]function sendSMSAllGateways call

[2013-04-4 10:02:22]function sendSMSAllGateways call

[2013-04-4 10:07:22]function sendSMSAllGateways call

[2013-04-4 10:12:22]function sendSMSAllGateways call

[2013-04-4 10:17:22]function sendSMSAllGateways call

[2013-04-4 10:22:22]function sendSMSAllGateways call

[2013-04-4 10:27:22]function sendSMSAllGateways call

[2013-04-4 10:32:22]function sendSMSAllGateways call

[2013-04-4 10:37:22]function sendSMSAllGateways call

[2013-04-4 10:42:22]function sendSMSAllGateways call

[2013-04-4 10:47:22]function sendSMSAllGateways call

[2013-04-4 10:52:22]function sendSMSAllGateways call

[2013-04-4 10:57:22]function sendSMSAllGateways call

[2013-04-4 11:02:22]function sendSMSAllGateways call

[2013-04-4 11:07:22]function sendSMSAllGateways call

[2013-04-4 11:12:22]function sendSMSAllGateways call

[2013-04-4 11:17:22]function sendSMSAllGateways call

[2013-04-4 11:22:22]function sendSMSAllGateways call

[2013-04-4 11:27:22]function sendSMSAllGateways call

[2013-04-4 11:32:22]function sendSMSAllGateways call

[2013-04-4 11:37:22]function sendSMSAllGateways call

[2013-04-4 11:42:22]function sendSMSAllGateways call

[2013-04-4 11:47:22]function sendSMSAllGateways call

[2013-04-4 11:52:22]function sendSMSAllGateways call

[2013-04-4 11:57:22]function sendSMSAllGateways call

[2013-04-4 12:02:22]function sendSMSAllGateways call

[2013-04-4 12:07:22]function sendSMSAllGateways call

[2013-04-4 12:12:22]function sendSMSAllGateways call

[2013-04-4 12:17:22]function sendSMSAllGateways call

[2013-04-4 12:22:22]function sendSMSAllGateways call

[2013-04-4 12:27:22]function sendSMSAllGateways call

[2013-04-4 12:32:22]function sendSMSAllGateways call

[2013-04-4 12:37:22]function sendSMSAllGateways call

[2013-04-4 12:42:22]function sendSMSAllGateways call

[2013-04-4 12:47:22]function sendSMSAllGateways call

[2013-04-4 12:52:22]function sendSMSAllGateways call

[2013-04-4 12:57:22]function sendSMSAllGateways call

[2013-04-4 13:02:22]function sendSMSAllGateways call

[2013-04-4 13:07:22]function sendSMSAllGateways call

[2013-04-4 13:12:22]function sendSMSAllGateways call

[2013-04-4 13:17:22]function sendSMSAllGateways call

[2013-04-4 13:22:22]function sendSMSAllGateways call

[2013-04-4 13:27:22]function sendSMSAllGateways call

[2013-04-4 13:32:22]function sendSMSAllGateways call

[2013-04-4 13:37:22]function sendSMSAllGateways call

[2013-04-4 13:42:22]function sendSMSAllGateways call

[2013-04-4 13:47:22]function sendSMSAllGateways call

[2013-04-4 13:52:22]function sendSMSAllGateways call

[2013-04-4 13:57:22]function sendSMSAllGateways call

[2013-04-4 14:02:22]function sendSMSAllGateways call

[2013-04-4 14:07:22]function sendSMSAllGateways call

[2013-04-4 14:12:22]function sendSMSAllGateways call

[2013-04-4 14:17:22]function sendSMSAllGateways call

[2013-04-4 14:22:22]function sendSMSAllGateways call

[2013-04-4 14:27:22]function sendSMSAllGateways call

[2013-04-4 14:32:22]function sendSMSAllGateways call

[2013-04-4 14:37:22]function sendSMSAllGateways call

[2013-04-4 14:42:22]function sendSMSAllGateways call

[2013-04-4 14:47:22]function sendSMSAllGateways call

[2013-04-4 14:52:22]function sendSMSAllGateways call

[2013-04-4 14:57:22]function sendSMSAllGateways call

[2013-04-4 15:02:22]function sendSMSAllGateways call

[2013-04-4 15:07:22]function sendSMSAllGateways call

[2013-04-4 15:12:22]function sendSMSAllGateways call

[2013-04-4 15:17:22]function sendSMSAllGateways call

[2013-04-4 15:22:22]function sendSMSAllGateways call

[2013-04-4 15:27:22]function sendSMSAllGateways call

[2013-04-4 15:32:22]function sendSMSAllGateways call

[2013-04-4 15:37:22]function sendSMSAllGateways call

[2013-04-4 15:42:22]function sendSMSAllGateways call

[2013-04-4 15:47:22]function sendSMSAllGateways call

[2013-04-4 15:52:22]function sendSMSAllGateways call

[2013-04-4 15:57:22]function sendSMSAllGateways call

[2013-04-4 16:02:22]function sendSMSAllGateways call

[2013-04-4 16:07:22]function sendSMSAllGateways call

[2013-04-4 16:12:22]function sendSMSAllGateways call

[2013-04-4 16:17:22]function sendSMSAllGateways call

[2013-04-4 16:22:22]function sendSMSAllGateways call

[2013-04-4 16:27:22]function sendSMSAllGateways call

[2013-04-4 16:32:22]function sendSMSAllGateways call

[2013-04-4 16:37:22]function sendSMSAllGateways call

[2013-04-4 16:42:22]function sendSMSAllGateways call

[2013-04-4 16:47:22]function sendSMSAllGateways call

[2013-04-4 16:52:22]function sendSMSAllGateways call

[2013-04-4 16:57:22]function sendSMSAllGateways call

[2013-04-4 17:02:22]function sendSMSAllGateways call

[2013-04-4 17:07:22]function sendSMSAllGateways call

[2013-04-4 17:12:22]function sendSMSAllGateways call

[2013-04-4 17:17:22]function sendSMSAllGateways call

[2013-04-4 17:22:22]function sendSMSAllGateways call

[2013-04-4 17:27:22]function sendSMSAllGateways call

[2013-04-4 17:32:22]function sendSMSAllGateways call

[2013-04-4 17:37:22]function sendSMSAllGateways call

[2013-04-4 17:42:22]function sendSMSAllGateways call

[2013-04-4 17:47:22]function sendSMSAllGateways call

[2013-04-4 17:52:22]function sendSMSAllGateways call

[2013-04-4 17:57:22]function sendSMSAllGateways call

[2013-04-4 18:02:22]function sendSMSAllGateways call

[2013-04-4 18:07:22]function sendSMSAllGateways call

[2013-04-4 18:12:22]function sendSMSAllGateways call

[2013-04-4 18:17:22]function sendSMSAllGateways call

[2013-04-4 18:22:22]function sendSMSAllGateways call

[2013-04-4 18:27:22]function sendSMSAllGateways call

[2013-04-4 18:32:22]function sendSMSAllGateways call

[2013-04-4 18:37:22]function sendSMSAllGateways call

[2013-04-4 18:42:22]function sendSMSAllGateways call

[2013-04-4 18:47:22]function sendSMSAllGateways call

[2013-04-4 18:52:22]function sendSMSAllGateways call

[2013-04-4 18:57:22]function sendSMSAllGateways call

[2013-04-4 19:02:22]function sendSMSAllGateways call

[2013-04-4 19:07:22]function sendSMSAllGateways call

[2013-04-4 19:12:22]function sendSMSAllGateways call

[2013-04-4 19:17:22]function sendSMSAllGateways call

[2013-04-4 19:22:22]function sendSMSAllGateways call

[2013-04-4 19:27:22]function sendSMSAllGateways call

[2013-04-4 19:32:22]function sendSMSAllGateways call

[2013-04-4 19:37:22]function sendSMSAllGateways call

[2013-04-4 19:42:22]function sendSMSAllGateways call

[2013-04-4 19:47:22]function sendSMSAllGateways call

[2013-04-4 19:52:22]function sendSMSAllGateways call

[2013-04-4 19:57:22]function sendSMSAllGateways call

[2013-04-4 20:02:22]function sendSMSAllGateways call

[2013-04-4 20:07:22]function sendSMSAllGateways call

[2013-04-4 20:12:22]function sendSMSAllGateways call

[2013-04-4 20:17:22]function sendSMSAllGateways call

[2013-04-4 20:22:22]function sendSMSAllGateways call

[2013-04-4 20:27:22]function sendSMSAllGateways call

[2013-04-4 20:32:22]function sendSMSAllGateways call

[2013-04-4 20:37:22]function sendSMSAllGateways call

[2013-04-4 20:42:22]function sendSMSAllGateways call

[2013-04-4 20:47:22]function sendSMSAllGateways call

[2013-04-4 20:52:22]function sendSMSAllGateways call

[2013-04-4 20:57:22]function sendSMSAllGateways call

[2013-04-4 21:02:22]function sendSMSAllGateways call

[2013-04-4 21:07:22]function sendSMSAllGateways call

[2013-04-4 21:12:22]function sendSMSAllGateways call

[2013-04-4 21:17:22]function sendSMSAllGateways call

[2013-04-4 21:22:22]function sendSMSAllGateways call

[2013-04-4 21:27:22]function sendSMSAllGateways call

[2013-04-4 21:32:22]function sendSMSAllGateways call

[2013-04-4 21:37:22]function sendSMSAllGateways call

[2013-04-4 21:42:22]function sendSMSAllGateways call

[2013-04-4 21:47:22]function sendSMSAllGateways call

[2013-04-4 21:52:22]function sendSMSAllGateways call

[2013-04-4 21:57:22]function sendSMSAllGateways call

[2013-04-4 22:02:22]function sendSMSAllGateways call

[2013-04-4 22:07:22]function sendSMSAllGateways call

[2013-04-4 22:12:22]function sendSMSAllGateways call

[2013-04-4 22:17:22]function sendSMSAllGateways call

[2013-04-4 22:22:22]function sendSMSAllGateways call

[2013-04-4 22:27:22]function sendSMSAllGateways call

[2013-04-4 22:32:22]function sendSMSAllGateways call

[2013-04-4 22:37:22]function sendSMSAllGateways call

[2013-04-4 22:42:22]function sendSMSAllGateways call

[2013-04-4 22:47:22]function sendSMSAllGateways call

[2013-04-4 22:52:22]function sendSMSAllGateways call

[2013-04-4 22:57:22]function sendSMSAllGateways call

[2013-04-4 23:02:22]function sendSMSAllGateways call

[2013-04-4 23:07:22]function sendSMSAllGateways call

[2013-04-4 23:12:22]function sendSMSAllGateways call

[2013-04-4 23:17:22]function sendSMSAllGateways call

[2013-04-4 23:22:22]function sendSMSAllGateways call

[2013-04-4 23:27:22]function sendSMSAllGateways call

[2013-04-4 23:32:22]function sendSMSAllGateways call

[2013-04-4 23:37:22]function sendSMSAllGateways call

[2013-04-4 23:42:22]function sendSMSAllGateways call

[2013-04-4 23:47:22]function sendSMSAllGateways call

[2013-04-4 23:52:22]function sendSMSAllGateways call

[2013-04-4 23:57:22]function sendSMSAllGateways call

[2013-04-5 0:02:22]function sendSMSAllGateways call

[2013-04-5 0:07:22]function sendSMSAllGateways call

[2013-04-5 0:12:22]function sendSMSAllGateways call

[2013-04-5 0:17:22]function sendSMSAllGateways call

[2013-04-5 0:22:22]function sendSMSAllGateways call

[2013-04-5 0:27:22]function sendSMSAllGateways call

[2013-04-5 0:32:22]function sendSMSAllGateways call

[2013-04-5 0:37:22]function sendSMSAllGateways call

[2013-04-5 0:42:22]function sendSMSAllGateways call

[2013-04-5 0:47:22]function sendSMSAllGateways call

[2013-04-5 0:52:22]function sendSMSAllGateways call

[2013-04-5 0:57:22]function sendSMSAllGateways call

[2013-04-5 1:02:22]function sendSMSAllGateways call

[2013-04-5 1:07:22]function sendSMSAllGateways call

[2013-04-5 1:12:22]function sendSMSAllGateways call

[2013-04-5 1:17:22]function sendSMSAllGateways call

[2013-04-5 1:22:22]function sendSMSAllGateways call

[2013-04-5 1:27:22]function sendSMSAllGateways call

[2013-04-5 1:32:22]function sendSMSAllGateways call

[2013-04-5 1:37:21]function sendSMSAllGateways call

[2013-04-5 1:42:22]function sendSMSAllGateways call

[2013-04-5 1:47:22]function sendSMSAllGateways call

[2013-04-5 1:52:22]function sendSMSAllGateways call

[2013-04-5 1:57:22]function sendSMSAllGateways call

[2013-04-5 2:02:22]function sendSMSAllGateways call

[2013-04-5 2:07:22]function sendSMSAllGateways call

[2013-04-5 2:12:22]function sendSMSAllGateways call

[2013-04-5 2:17:22]function sendSMSAllGateways call

[2013-04-5 2:22:22]function sendSMSAllGateways call

[2013-04-5 2:27:22]function sendSMSAllGateways call

[2013-04-5 2:32:22]function sendSMSAllGateways call

[2013-04-5 2:37:22]function sendSMSAllGateways call

[2013-04-5 2:42:22]function sendSMSAllGateways call

[2013-04-5 2:47:22]function sendSMSAllGateways call

[2013-04-5 2:52:22]function sendSMSAllGateways call

[2013-04-5 2:57:22]function sendSMSAllGateways call

[2013-04-5 3:02:22]function sendSMSAllGateways call

[2013-04-5 3:07:22]function sendSMSAllGateways call

[2013-04-5 3:12:22]function sendSMSAllGateways call

[2013-04-5 3:17:22]function sendSMSAllGateways call

[2013-04-5 3:22:22]function sendSMSAllGateways call

[2013-04-5 3:27:22]function sendSMSAllGateways call

[2013-04-5 3:32:22]function sendSMSAllGateways call

[2013-04-5 3:37:22]function sendSMSAllGateways call

[2013-04-5 3:42:22]function sendSMSAllGateways call

[2013-04-5 3:47:22]function sendSMSAllGateways call

[2013-04-5 3:52:22]function sendSMSAllGateways call

[2013-04-5 3:57:22]function sendSMSAllGateways call

[2013-04-5 4:02:22]function sendSMSAllGateways call

[2013-04-5 4:07:22]function sendSMSAllGateways call

[2013-04-5 4:12:22]function sendSMSAllGateways call

[2013-04-5 4:17:22]function sendSMSAllGateways call

[2013-04-5 4:22:22]function sendSMSAllGateways call

[2013-04-5 4:27:22]function sendSMSAllGateways call

[2013-04-5 4:32:22]function sendSMSAllGateways call

[2013-04-5 4:37:22]function sendSMSAllGateways call

[2013-04-5 4:42:22]function sendSMSAllGateways call

[2013-04-5 4:47:22]function sendSMSAllGateways call

[2013-04-5 4:52:22]function sendSMSAllGateways call

[2013-04-5 4:57:22]function sendSMSAllGateways call

[2013-04-5 5:02:22]function sendSMSAllGateways call

[2013-04-5 5:07:22]function sendSMSAllGateways call

[2013-04-5 5:12:22]function sendSMSAllGateways call

[2013-04-5 5:17:22]function sendSMSAllGateways call

[2013-04-5 5:22:22]function sendSMSAllGateways call

[2013-04-5 5:27:22]function sendSMSAllGateways call

[2013-04-5 5:32:22]function sendSMSAllGateways call

[2013-04-5 5:37:22]function sendSMSAllGateways call

[2013-04-5 5:42:22]function sendSMSAllGateways call

[2013-04-5 5:47:22]function sendSMSAllGateways call

[2013-04-5 5:52:22]function sendSMSAllGateways call

[2013-04-5 5:57:22]function sendSMSAllGateways call

[2013-04-5 6:02:22]function sendSMSAllGateways call

[2013-04-5 6:07:22]function sendSMSAllGateways call

[2013-04-5 6:12:22]function sendSMSAllGateways call

[2013-04-5 6:17:22]function sendSMSAllGateways call

[2013-04-5 6:22:22]function sendSMSAllGateways call

[2013-04-5 6:27:22]function sendSMSAllGateways call

[2013-04-5 6:32:22]function sendSMSAllGateways call

[2013-04-5 6:37:22]function sendSMSAllGateways call

[2013-04-5 6:42:22]function sendSMSAllGateways call

[2013-04-5 6:47:22]function sendSMSAllGateways call

[2013-04-5 6:52:22]function sendSMSAllGateways call

[2013-04-5 6:57:22]function sendSMSAllGateways call

[2013-04-5 7:02:22]function sendSMSAllGateways call

[2013-04-5 7:07:22]function sendSMSAllGateways call

[2013-04-5 7:12:22]function sendSMSAllGateways call

[2013-04-5 7:17:22]function sendSMSAllGateways call

[2013-04-5 7:22:22]function sendSMSAllGateways call

[2013-04-5 7:27:22]function sendSMSAllGateways call

[2013-04-5 7:32:22]function sendSMSAllGateways call

[2013-04-5 7:37:22]function sendSMSAllGateways call

[2013-04-5 7:42:22]function sendSMSAllGateways call

[2013-04-5 7:47:22]function sendSMSAllGateways call

[2013-04-5 7:52:22]function sendSMSAllGateways call

[2013-04-5 7:57:22]function sendSMSAllGateways call

[2013-04-5 8:02:22]function sendSMSAllGateways call

[2013-04-5 8:07:22]function sendSMSAllGateways call

[2013-04-5 8:12:22]function sendSMSAllGateways call

[2013-04-5 8:17:22]function sendSMSAllGateways call

[2013-04-5 8:22:22]function sendSMSAllGateways call

[2013-04-5 8:27:22]function sendSMSAllGateways call

[2013-04-5 8:32:22]function sendSMSAllGateways call

[2013-04-5 8:37:22]function sendSMSAllGateways call

[2013-04-5 8:42:22]function sendSMSAllGateways call

[2013-04-5 8:47:22]function sendSMSAllGateways call

[2013-04-5 8:52:22]function sendSMSAllGateways call

[2013-04-5 8:57:22]function sendSMSAllGateways call

[2013-04-5 9:02:22]function sendSMSAllGateways call

[2013-04-5 9:07:22]function sendSMSAllGateways call

[2013-04-5 9:12:22]function sendSMSAllGateways call

[2013-04-5 9:17:22]function sendSMSAllGateways call

[2013-04-5 9:22:22]function sendSMSAllGateways call

[2013-04-5 9:27:22]function sendSMSAllGateways call

[2013-04-5 9:33:59]function sendSMSAllGateways call

[2013-04-5 9:37:22]function sendSMSAllGateways call

[2013-04-5 9:42:22]function sendSMSAllGateways call

[2013-04-5 9:47:22]function sendSMSAllGateways call

[2013-04-5 9:52:23]function sendSMSAllGateways call

[2013-04-5 9:57:22]function sendSMSAllGateways call

[2013-04-5 10:02:22]function sendSMSAllGateways call

[2013-04-5 10:07:22]function sendSMSAllGateways call

[2013-04-5 10:12:22]function sendSMSAllGateways call

[2013-04-5 10:17:22]function sendSMSAllGateways call

